Using pre-set license
Built from '2020.3/staging' branch; Version is '2020.3.21f1 (a38c86f6690f) revision 10718342'; Using compiler version '192528614'; Build Type 'Release'
OS: 'Windows 10 Pro; OS build 18363.418; Version 1909; 64bit' Language: 'en' Physical Memory: 8064 MB
BatchMode: 1, IsHumanControllingUs: 0, StartBugReporterOnCrash: 0, Is64bit: 1, IsPro: 0

COMMAND LINE ARGUMENTS:
C:\Program Files\Unity\Hub\Editor\2020.3.21f1\Editor\Unity.exe
-adb2
-batchMode
-noUpm
-name
AssetImportWorker0
-projectPath
D:/GitHub Repos/Dungeons-The-Escape/Dungeons The Escape-1
-logFile
Logs/AssetImportWorker0.log
-srvPort
52398
Successfully changed project path to: D:/GitHub Repos/Dungeons-The-Escape/Dungeons The Escape-1
D:/GitHub Repos/Dungeons-The-Escape/Dungeons The Escape-1
Using Asset Import Pipeline V2.
Refreshing native plugins compatible for Editor in 52.94 ms, found 3 plugins.
Preloading 0 native plugins for Editor in 0.00 ms.
Initialize engine version: 2020.3.21f1 (a38c86f6690f)
[Subsystems] Discovering subsystems at path C:/Program Files/Unity/Hub/Editor/2020.3.21f1/Editor/Data/Resources/UnitySubsystems
[Subsystems] Discovering subsystems at path D:/GitHub Repos/Dungeons-The-Escape/Dungeons The Escape-1/Assets
GfxDevice: creating device client; threaded=0
Direct3D:
    Version:  Direct3D 11.0 [level 11.1]
    Renderer: Intel(R) HD Graphics 4400 (ID=0x41e)
    Vendor:   
    VRAM:     2048 MB
    Driver:   20.19.15.5171
Initialize mono
Mono path[0] = 'C:/Program Files/Unity/Hub/Editor/2020.3.21f1/Editor/Data/Managed'
Mono path[1] = 'C:/Program Files/Unity/Hub/Editor/2020.3.21f1/Editor/Data/MonoBleedingEdge/lib/mono/unityjit'
Mono config path = 'C:/Program Files/Unity/Hub/Editor/2020.3.21f1/Editor/Data/MonoBleedingEdge/etc'
Using monoOptions --debugger-agent=transport=dt_socket,embedding=1,server=y,suspend=n,address=127.0.0.1:56676
Begin MonoManager ReloadAssembly
Registering precompiled unity dll's ...
Register platform support module: C:/Program Files/Unity/Hub/Editor/2020.3.21f1/Editor/Data/PlaybackEngines/WebGLSupport/UnityEditor.WebGL.Extensions.dll
Register platform support module: C:/Program Files/Unity/Hub/Editor/2020.3.21f1/Editor/Data/PlaybackEngines/WindowsStandaloneSupport/UnityEditor.WindowsStandalone.Extensions.dll
Registered in 0.001979 seconds.
Native extension for WindowsStandalone target not found
Native extension for WebGL target not found
Refreshing native plugins compatible for Editor in 232.01 ms, found 3 plugins.
Preloading 0 native plugins for Editor in 0.00 ms.
Mono: successfully reloaded assembly
- Completed reload, in  2.773 seconds
Domain Reload Profiling:
	ReloadAssembly (2773ms)
		BeginReloadAssembly (350ms)
			ExecutionOrderSort (0ms)
			DisableScriptedObjects (0ms)
			BackupInstance (0ms)
			ReleaseScriptingObjects (0ms)
			CreateAndSetChildDomain (1ms)
		EndReloadAssembly (870ms)
			LoadAssemblies (347ms)
			RebuildTransferFunctionScriptingTraits (0ms)
			SetupTypeCache (357ms)
			ReleaseScriptCaches (0ms)
			RebuildScriptCaches (35ms)
			SetupLoadedEditorAssemblies (380ms)
				LogAssemblyErrors (0ms)
				InitializePlatformSupportModulesInManaged (6ms)
				SetLoadedEditorAssemblies (0ms)
				RefreshPlugins (232ms)
				BeforeProcessingInitializeOnLoad (15ms)
				ProcessInitializeOnLoadAttributes (91ms)
				ProcessInitializeOnLoadMethodAttributes (36ms)
				AfterProcessingInitializeOnLoad (0ms)
				EditorAssembliesLoaded (0ms)
			ExecutionOrderSort2 (0ms)
			AwakeInstancesAfterBackupRestoration (0ms)
Platform modules already initialized, skipping
Registering precompiled user dll's ...
Registered in 0.002576 seconds.
Begin MonoManager ReloadAssembly
Native extension for WindowsStandalone target not found
Native extension for WebGL target not found
Refreshing native plugins compatible for Editor in 89.61 ms, found 3 plugins.
Preloading 0 native plugins for Editor in 0.00 ms.
Mono: successfully reloaded assembly
- Completed reload, in  4.107 seconds
Domain Reload Profiling:
	ReloadAssembly (4108ms)
		BeginReloadAssembly (172ms)
			ExecutionOrderSort (0ms)
			DisableScriptedObjects (6ms)
			BackupInstance (0ms)
			ReleaseScriptingObjects (0ms)
			CreateAndSetChildDomain (20ms)
		EndReloadAssembly (3670ms)
			LoadAssemblies (99ms)
			RebuildTransferFunctionScriptingTraits (0ms)
			SetupTypeCache (831ms)
			ReleaseScriptCaches (1ms)
			RebuildScriptCaches (409ms)
			SetupLoadedEditorAssemblies (1742ms)
				LogAssemblyErrors (0ms)
				InitializePlatformSupportModulesInManaged (15ms)
				SetLoadedEditorAssemblies (1ms)
				RefreshPlugins (90ms)
				BeforeProcessingInitializeOnLoad (488ms)
				ProcessInitializeOnLoadAttributes (711ms)
				ProcessInitializeOnLoadMethodAttributes (408ms)
				AfterProcessingInitializeOnLoad (29ms)
				EditorAssembliesLoaded (1ms)
			ExecutionOrderSort2 (0ms)
			AwakeInstancesAfterBackupRestoration (15ms)
Platform modules already initialized, skipping
========================================================================
Worker process is ready to serve import requests
Launched and connected shader compiler UnityShaderCompiler.exe after 0.38 seconds
Refreshing native plugins compatible for Editor in 1.00 ms, found 3 plugins.
Preloading 0 native plugins for Editor in 0.00 ms.
Unloading 2202 Unused Serialized files (Serialized files now loaded: 0)
System memory in use before: 96.2 MB.
System memory in use after: 96.3 MB.

Unloading 28 unused Assets to reduce memory usage. Loaded Objects now: 2635.
Total: 14.786100 ms (FindLiveObjects: 0.440200 ms CreateObjectMapping: 1.021100 ms MarkObjects: 12.955900 ms  DeleteObjects: 0.366600 ms)

AssetImportParameters requested are different than current active one (requested -> active):
  custom:framework-win-MediaFoundation: 216162199b28c13a410421893ffa2e32 -> 
  custom:video-decoder-ogg-theora: a1e56fd34408186e4bbccfd4996cb3dc -> 
  custom:container-muxer-webm: aa71ff27fc2769a1b78a27578f13a17b -> 
  custom:container-demuxer-webm: 4f35f7cbe854078d1ac9338744f61a02 -> 
  custom:container-demuxer-ogg: 62fdf1f143b41e24485cea50d1cbac27 -> 
  custom:video-encoder-webm-vp8: eb34c28f22e8b96e1ab97ce403110664 -> 
  custom:video-decoder-webm-vp8: 9c59270c3fd7afecdb556c50c9e8de78 -> 
  custom:audio-decoder-ogg-vorbis: bf7c407c2cedff20999df2af8eb42d56 -> 
  custom:audio-encoder-webm-vorbis: bf7c407c2cedff20999df2af8eb42d56 -> 
========================================================================
Received Import Request.
  path: Assets/Samples/2D Tilemap Extras/1.8.1-preview/Dungeon Rule Tile/Sprites/Dungeon.png
  artifactKey: Guid(4e794009527fa49a7a0e11880aaa3a50) Importer(815301076,1909f56bfc062723c751e8b465ee728b)
Start importing Assets/Samples/2D Tilemap Extras/1.8.1-preview/Dungeon Rule Tile/Sprites/Dungeon.png using Guid(4e794009527fa49a7a0e11880aaa3a50) Importer(815301076,1909f56bfc062723c751e8b465ee728b)  -> (artifact id: '80891e307ebc23bb44dc15710e8e9d82') in 0.678368 seconds 
  Import took 0.991137 seconds .

========================================================================
Received Import Request.
  Time since last request: 0.013525 seconds.
  path: Assets/Samples/2D Tilemap Extras/1.8.1-preview/Dungeon Rule Tile
  artifactKey: Guid(329e7af1d16dab7419362ad66f854004) Importer(815301076,1909f56bfc062723c751e8b465ee728b)
Start importing Assets/Samples/2D Tilemap Extras/1.8.1-preview/Dungeon Rule Tile using Guid(329e7af1d16dab7419362ad66f854004) Importer(815301076,1909f56bfc062723c751e8b465ee728b)  -> (artifact id: '6956706fe7745fd960bbdc59f89e1b68') in 0.001551 seconds 
  Import took 0.018485 seconds .

========================================================================
Received Import Request.
  Time since last request: 0.000238 seconds.
  path: Assets/Samples/2D Tilemap Extras/1.8.1-preview/Dungeon Rule Tile/Tiles
  artifactKey: Guid(8b2bdd942242c454682e2aa71e3e70b0) Importer(815301076,1909f56bfc062723c751e8b465ee728b)
Start importing Assets/Samples/2D Tilemap Extras/1.8.1-preview/Dungeon Rule Tile/Tiles using Guid(8b2bdd942242c454682e2aa71e3e70b0) Importer(815301076,1909f56bfc062723c751e8b465ee728b)  -> (artifact id: '35a56ac859f9b1c866f2e1045c8ccb14') in 0.027592 seconds 
  Import took 0.044943 seconds .

========================================================================
Received Import Request.
  Time since last request: 0.000194 seconds.
  path: Assets/Samples/2D Tilemap Extras/1.8.1-preview/Dungeon Rule Tile/Tiles/Dungeon.asset
  artifactKey: Guid(08002d404144b40bf842342dda8fa3e4) Importer(815301076,1909f56bfc062723c751e8b465ee728b)
Start importing Assets/Samples/2D Tilemap Extras/1.8.1-preview/Dungeon Rule Tile/Tiles/Dungeon.asset using Guid(08002d404144b40bf842342dda8fa3e4) Importer(815301076,1909f56bfc062723c751e8b465ee728b)  -> (artifact id: '15ee5a05d81482e1683313d25e7eeea4') in 0.037994 seconds 
  Import took 0.059488 seconds .

========================================================================
Received Import Request.
  Time since last request: 44.189108 seconds.
  path: Assets/Scenes
  artifactKey: Guid(574df8c990aa4d74ca7d73466b8d629f) Importer(815301076,1909f56bfc062723c751e8b465ee728b)
Start importing Assets/Scenes using Guid(574df8c990aa4d74ca7d73466b8d629f) Importer(815301076,1909f56bfc062723c751e8b465ee728b)  -> (artifact id: 'fd93ffc2e6cf825f54909abcc85f438c') in 0.001181 seconds 
  Import took 0.255819 seconds .

========================================================================
Received Import Request.
  Time since last request: 1.866265 seconds.
  path: Assets/Samples
  artifactKey: Guid(13c1ab0a9e072e54f878cba4101b6f57) Importer(815301076,1909f56bfc062723c751e8b465ee728b)
Start importing Assets/Samples using Guid(13c1ab0a9e072e54f878cba4101b6f57) Importer(815301076,1909f56bfc062723c751e8b465ee728b)  -> (artifact id: 'cb97caa4b88cb3156a9ea27c80410be3') in 0.001746 seconds 
  Import took 0.009078 seconds .

========================================================================
Received Import Request.
  Time since last request: 0.977039 seconds.
  path: Assets/Samples/2D Tilemap Extras
  artifactKey: Guid(0af2b871281504e4982b9e3e0ba0fa2d) Importer(815301076,1909f56bfc062723c751e8b465ee728b)
Start importing Assets/Samples/2D Tilemap Extras using Guid(0af2b871281504e4982b9e3e0ba0fa2d) Importer(815301076,1909f56bfc062723c751e8b465ee728b)  -> (artifact id: 'f5b5c29701cd4aea4ffee2622c541a2a') in 0.001331 seconds 
  Import took 0.006238 seconds .

========================================================================
Received Import Request.
  Time since last request: 0.837206 seconds.
  path: Assets/Samples/2D Tilemap Extras/1.8.1-preview
  artifactKey: Guid(de16f7be4d86f534a860f659b6d4d562) Importer(815301076,1909f56bfc062723c751e8b465ee728b)
Start importing Assets/Samples/2D Tilemap Extras/1.8.1-preview using Guid(de16f7be4d86f534a860f659b6d4d562) Importer(815301076,1909f56bfc062723c751e8b465ee728b)  -> (artifact id: 'eea01bfe0250d040ac695aacecf0b91b') in 0.001376 seconds 
  Import took 0.007158 seconds .

========================================================================
Received Import Request.
  Time since last request: 3.316775 seconds.
  path: Assets/Samples/2D Tilemap Extras/1.8.1-preview/Dungeon Rule Tile/Sprites
  artifactKey: Guid(cd25a605d2a0e6e4caf4ab32866c6728) Importer(815301076,1909f56bfc062723c751e8b465ee728b)
Start importing Assets/Samples/2D Tilemap Extras/1.8.1-preview/Dungeon Rule Tile/Sprites using Guid(cd25a605d2a0e6e4caf4ab32866c6728) Importer(815301076,1909f56bfc062723c751e8b465ee728b)  -> (artifact id: 'a833db0fc506726b39b9ad3a55378609') in 0.001569 seconds 
  Import took 0.007999 seconds .

========================================================================
Received Import Request.
  Time since last request: 107.458698 seconds.
  path: Assets/Sprites/Manual Tiles.prefab
  artifactKey: Guid(d5ebfdb2b790cbb4bb1200dd0c44b289) Importer(815301076,1909f56bfc062723c751e8b465ee728b)
Start importing Assets/Sprites/Manual Tiles.prefab using Guid(d5ebfdb2b790cbb4bb1200dd0c44b289) Importer(815301076,1909f56bfc062723c751e8b465ee728b)  -> (artifact id: '72e28fbf540fa8f52b933fdf8e953727') in 0.052759 seconds 
  Import took 0.058327 seconds .

========================================================================
Received Import Request.
  Time since last request: 17.841058 seconds.
  path: Assets/Sprites/Manual Tiles.prefab
  artifactKey: Guid(d5ebfdb2b790cbb4bb1200dd0c44b289) Importer(815301076,1909f56bfc062723c751e8b465ee728b)
Start importing Assets/Sprites/Manual Tiles.prefab using Guid(d5ebfdb2b790cbb4bb1200dd0c44b289) Importer(815301076,1909f56bfc062723c751e8b465ee728b)  -> (artifact id: '22ed7b390416294b486ce5553f9cac3d') in 0.035043 seconds 
  Import took 0.043808 seconds .

