Using pre-set license
Built from '2020.3/staging' branch; Version is '2020.3.21f1 (a38c86f6690f) revision 10718342'; Using compiler version '192528614'; Build Type 'Release'
OS: 'Windows 10 Pro; OS build 18363.418; Version 1909; 64bit' Language: 'en' Physical Memory: 8064 MB
BatchMode: 1, IsHumanControllingUs: 0, StartBugReporterOnCrash: 0, Is64bit: 1, IsPro: 0

COMMAND LINE ARGUMENTS:
C:\Program Files\Unity\Hub\Editor\2020.3.21f1\Editor\Unity.exe
-adb2
-batchMode
-noUpm
-name
AssetImportWorker0
-projectPath
D:/GitHub Repos/Dungeons-The-Escape/Dungeons The Escape-1
-logFile
Logs/AssetImportWorker0.log
-srvPort
52398
Successfully changed project path to: D:/GitHub Repos/Dungeons-The-Escape/Dungeons The Escape-1
D:/GitHub Repos/Dungeons-The-Escape/Dungeons The Escape-1
Using Asset Import Pipeline V2.
Refreshing native plugins compatible for Editor in 52.94 ms, found 3 plugins.
Preloading 0 native plugins for Editor in 0.00 ms.
Initialize engine version: 2020.3.21f1 (a38c86f6690f)
[Subsystems] Discovering subsystems at path C:/Program Files/Unity/Hub/Editor/2020.3.21f1/Editor/Data/Resources/UnitySubsystems
[Subsystems] Discovering subsystems at path D:/GitHub Repos/Dungeons-The-Escape/Dungeons The Escape-1/Assets
GfxDevice: creating device client; threaded=0
Direct3D:
    Version:  Direct3D 11.0 [level 11.1]
    Renderer: Intel(R) HD Graphics 4400 (ID=0x41e)
    Vendor:   
    VRAM:     2048 MB
    Driver:   20.19.15.5171
Initialize mono
Mono path[0] = 'C:/Program Files/Unity/Hub/Editor/2020.3.21f1/Editor/Data/Managed'
Mono path[1] = 'C:/Program Files/Unity/Hub/Editor/2020.3.21f1/Editor/Data/MonoBleedingEdge/lib/mono/unityjit'
Mono config path = 'C:/Program Files/Unity/Hub/Editor/2020.3.21f1/Editor/Data/MonoBleedingEdge/etc'
Using monoOptions --debugger-agent=transport=dt_socket,embedding=1,server=y,suspend=n,address=127.0.0.1:56676
Begin MonoManager ReloadAssembly
Registering precompiled unity dll's ...
Register platform support module: C:/Program Files/Unity/Hub/Editor/2020.3.21f1/Editor/Data/PlaybackEngines/WebGLSupport/UnityEditor.WebGL.Extensions.dll
Register platform support module: C:/Program Files/Unity/Hub/Editor/2020.3.21f1/Editor/Data/PlaybackEngines/WindowsStandaloneSupport/UnityEditor.WindowsStandalone.Extensions.dll
Registered in 0.001979 seconds.
Native extension for WindowsStandalone target not found
Native extension for WebGL target not found
Refreshing native plugins compatible for Editor in 232.01 ms, found 3 plugins.
Preloading 0 native plugins for Editor in 0.00 ms.
Mono: successfully reloaded assembly
- Completed reload, in  2.773 seconds
Domain Reload Profiling:
	ReloadAssembly (2773ms)
		BeginReloadAssembly (350ms)
			ExecutionOrderSort (0ms)
			DisableScriptedObjects (0ms)
			BackupInstance (0ms)
			ReleaseScriptingObjects (0ms)
			CreateAndSetChildDomain (1ms)
		EndReloadAssembly (870ms)
			LoadAssemblies (347ms)
			RebuildTransferFunctionScriptingTraits (0ms)
			SetupTypeCache (357ms)
			ReleaseScriptCaches (0ms)
			RebuildScriptCaches (35ms)
			SetupLoadedEditorAssemblies (380ms)
				LogAssemblyErrors (0ms)
				InitializePlatformSupportModulesInManaged (6ms)
				SetLoadedEditorAssemblies (0ms)
				RefreshPlugins (232ms)
				BeforeProcessingInitializeOnLoad (15ms)
				ProcessInitializeOnLoadAttributes (91ms)
				ProcessInitializeOnLoadMethodAttributes (36ms)
				AfterProcessingInitializeOnLoad (0ms)
				EditorAssembliesLoaded (0ms)
			ExecutionOrderSort2 (0ms)
			AwakeInstancesAfterBackupRestoration (0ms)
Platform modules already initialized, skipping
Registering precompiled user dll's ...
Registered in 0.002576 seconds.
Begin MonoManager ReloadAssembly
Native extension for WindowsStandalone target not found
Native extension for WebGL target not found
Refreshing native plugins compatible for Editor in 89.61 ms, found 3 plugins.
Preloading 0 native plugins for Editor in 0.00 ms.
Mono: successfully reloaded assembly
- Completed reload, in  4.107 seconds
Domain Reload Profiling:
	ReloadAssembly (4108ms)
		BeginReloadAssembly (172ms)
			ExecutionOrderSort (0ms)
			DisableScriptedObjects (6ms)
			BackupInstance (0ms)
			ReleaseScriptingObjects (0ms)
			CreateAndSetChildDomain (20ms)
		EndReloadAssembly (3670ms)
			LoadAssemblies (99ms)
			RebuildTransferFunctionScriptingTraits (0ms)
			SetupTypeCache (831ms)
			ReleaseScriptCaches (1ms)
			RebuildScriptCaches (409ms)
			SetupLoadedEditorAssemblies (1742ms)
				LogAssemblyErrors (0ms)
				InitializePlatformSupportModulesInManaged (15ms)
				SetLoadedEditorAssemblies (1ms)
				RefreshPlugins (90ms)
				BeforeProcessingInitializeOnLoad (488ms)
				ProcessInitializeOnLoadAttributes (711ms)
				ProcessInitializeOnLoadMethodAttributes (408ms)
				AfterProcessingInitializeOnLoad (29ms)
				EditorAssembliesLoaded (1ms)
			ExecutionOrderSort2 (0ms)
			AwakeInstancesAfterBackupRestoration (15ms)
Platform modules already initialized, skipping
========================================================================
Worker process is ready to serve import requests
Launched and connected shader compiler UnityShaderCompiler.exe after 0.38 seconds
Refreshing native plugins compatible for Editor in 1.00 ms, found 3 plugins.
Preloading 0 native plugins for Editor in 0.00 ms.
Unloading 2202 Unused Serialized files (Serialized files now loaded: 0)
System memory in use before: 96.2 MB.
System memory in use after: 96.3 MB.

Unloading 28 unused Assets to reduce memory usage. Loaded Objects now: 2635.
Total: 14.786100 ms (FindLiveObjects: 0.440200 ms CreateObjectMapping: 1.021100 ms MarkObjects: 12.955900 ms  DeleteObjects: 0.366600 ms)

AssetImportParameters requested are different than current active one (requested -> active):
  custom:framework-win-MediaFoundation: 216162199b28c13a410421893ffa2e32 -> 
  custom:video-decoder-ogg-theora: a1e56fd34408186e4bbccfd4996cb3dc -> 
  custom:container-muxer-webm: aa71ff27fc2769a1b78a27578f13a17b -> 
  custom:container-demuxer-webm: 4f35f7cbe854078d1ac9338744f61a02 -> 
  custom:container-demuxer-ogg: 62fdf1f143b41e24485cea50d1cbac27 -> 
  custom:video-encoder-webm-vp8: eb34c28f22e8b96e1ab97ce403110664 -> 
  custom:video-decoder-webm-vp8: 9c59270c3fd7afecdb556c50c9e8de78 -> 
  custom:audio-decoder-ogg-vorbis: bf7c407c2cedff20999df2af8eb42d56 -> 
  custom:audio-encoder-webm-vorbis: bf7c407c2cedff20999df2af8eb42d56 -> 
========================================================================
Received Import Request.
  path: Assets/Samples/2D Tilemap Extras/1.8.1-preview/Dungeon Rule Tile/Sprites/Dungeon.png
  artifactKey: Guid(4e794009527fa49a7a0e11880aaa3a50) Importer(815301076,1909f56bfc062723c751e8b465ee728b)
Start importing Assets/Samples/2D Tilemap Extras/1.8.1-preview/Dungeon Rule Tile/Sprites/Dungeon.png using Guid(4e794009527fa49a7a0e11880aaa3a50) Importer(815301076,1909f56bfc062723c751e8b465ee728b)  -> (artifact id: '80891e307ebc23bb44dc15710e8e9d82') in 0.678368 seconds 
  Import took 0.991137 seconds .

========================================================================
Received Import Request.
  Time since last request: 0.013525 seconds.
  path: Assets/Samples/2D Tilemap Extras/1.8.1-preview/Dungeon Rule Tile
  artifactKey: Guid(329e7af1d16dab7419362ad66f854004) Importer(815301076,1909f56bfc062723c751e8b465ee728b)
Start importing Assets/Samples/2D Tilemap Extras/1.8.1-preview/Dungeon Rule Tile using Guid(329e7af1d16dab7419362ad66f854004) Importer(815301076,1909f56bfc062723c751e8b465ee728b)  -> (artifact id: '6956706fe7745fd960bbdc59f89e1b68') in 0.001551 seconds 
  Import took 0.018485 seconds .

========================================================================
Received Import Request.
  Time since last request: 0.000238 seconds.
  path: Assets/Samples/2D Tilemap Extras/1.8.1-preview/Dungeon Rule Tile/Tiles
  artifactKey: Guid(8b2bdd942242c454682e2aa71e3e70b0) Importer(815301076,1909f56bfc062723c751e8b465ee728b)
Start importing Assets/Samples/2D Tilemap Extras/1.8.1-preview/Dungeon Rule Tile/Tiles using Guid(8b2bdd942242c454682e2aa71e3e70b0) Importer(815301076,1909f56bfc062723c751e8b465ee728b)  -> (artifact id: '35a56ac859f9b1c866f2e1045c8ccb14') in 0.027592 seconds 
  Import took 0.044943 seconds .

========================================================================
Received Import Request.
  Time since last request: 0.000194 seconds.
  path: Assets/Samples/2D Tilemap Extras/1.8.1-preview/Dungeon Rule Tile/Tiles/Dungeon.asset
  artifactKey: Guid(08002d404144b40bf842342dda8fa3e4) Importer(815301076,1909f56bfc062723c751e8b465ee728b)
Start importing Assets/Samples/2D Tilemap Extras/1.8.1-preview/Dungeon Rule Tile/Tiles/Dungeon.asset using Guid(08002d404144b40bf842342dda8fa3e4) Importer(815301076,1909f56bfc062723c751e8b465ee728b)  -> (artifact id: '15ee5a05d81482e1683313d25e7eeea4') in 0.037994 seconds 
  Import took 0.059488 seconds .

========================================================================
Received Import Request.
  Time since last request: 44.189108 seconds.
  path: Assets/Scenes
  artifactKey: Guid(574df8c990aa4d74ca7d73466b8d629f) Importer(815301076,1909f56bfc062723c751e8b465ee728b)
Start importing Assets/Scenes using Guid(574df8c990aa4d74ca7d73466b8d629f) Importer(815301076,1909f56bfc062723c751e8b465ee728b)  -> (artifact id: 'fd93ffc2e6cf825f54909abcc85f438c') in 0.001181 seconds 
  Import took 0.255819 seconds .

========================================================================
Received Import Request.
  Time since last request: 1.866265 seconds.
  path: Assets/Samples
  artifactKey: Guid(13c1ab0a9e072e54f878cba4101b6f57) Importer(815301076,1909f56bfc062723c751e8b465ee728b)
Start importing Assets/Samples using Guid(13c1ab0a9e072e54f878cba4101b6f57) Importer(815301076,1909f56bfc062723c751e8b465ee728b)  -> (artifact id: 'cb97caa4b88cb3156a9ea27c80410be3') in 0.001746 seconds 
  Import took 0.009078 seconds .

========================================================================
Received Import Request.
  Time since last request: 0.977039 seconds.
  path: Assets/Samples/2D Tilemap Extras
  artifactKey: Guid(0af2b871281504e4982b9e3e0ba0fa2d) Importer(815301076,1909f56bfc062723c751e8b465ee728b)
Start importing Assets/Samples/2D Tilemap Extras using Guid(0af2b871281504e4982b9e3e0ba0fa2d) Importer(815301076,1909f56bfc062723c751e8b465ee728b)  -> (artifact id: 'f5b5c29701cd4aea4ffee2622c541a2a') in 0.001331 seconds 
  Import took 0.006238 seconds .

========================================================================
Received Import Request.
  Time since last request: 0.837206 seconds.
  path: Assets/Samples/2D Tilemap Extras/1.8.1-preview
  artifactKey: Guid(de16f7be4d86f534a860f659b6d4d562) Importer(815301076,1909f56bfc062723c751e8b465ee728b)
Start importing Assets/Samples/2D Tilemap Extras/1.8.1-preview using Guid(de16f7be4d86f534a860f659b6d4d562) Importer(815301076,1909f56bfc062723c751e8b465ee728b)  -> (artifact id: 'eea01bfe0250d040ac695aacecf0b91b') in 0.001376 seconds 
  Import took 0.007158 seconds .

========================================================================
Received Import Request.
  Time since last request: 3.316775 seconds.
  path: Assets/Samples/2D Tilemap Extras/1.8.1-preview/Dungeon Rule Tile/Sprites
  artifactKey: Guid(cd25a605d2a0e6e4caf4ab32866c6728) Importer(815301076,1909f56bfc062723c751e8b465ee728b)
Start importing Assets/Samples/2D Tilemap Extras/1.8.1-preview/Dungeon Rule Tile/Sprites using Guid(cd25a605d2a0e6e4caf4ab32866c6728) Importer(815301076,1909f56bfc062723c751e8b465ee728b)  -> (artifact id: 'a833db0fc506726b39b9ad3a55378609') in 0.001569 seconds 
  Import took 0.007999 seconds .

========================================================================
Received Import Request.
  Time since last request: 107.458698 seconds.
  path: Assets/Sprites/Manual Tiles.prefab
  artifactKey: Guid(d5ebfdb2b790cbb4bb1200dd0c44b289) Importer(815301076,1909f56bfc062723c751e8b465ee728b)
Start importing Assets/Sprites/Manual Tiles.prefab using Guid(d5ebfdb2b790cbb4bb1200dd0c44b289) Importer(815301076,1909f56bfc062723c751e8b465ee728b)  -> (artifact id: '72e28fbf540fa8f52b933fdf8e953727') in 0.052759 seconds 
  Import took 0.058327 seconds .

========================================================================
Received Import Request.
  Time since last request: 17.841058 seconds.
  path: Assets/Sprites/Manual Tiles.prefab
  artifactKey: Guid(d5ebfdb2b790cbb4bb1200dd0c44b289) Importer(815301076,1909f56bfc062723c751e8b465ee728b)
Start importing Assets/Sprites/Manual Tiles.prefab using Guid(d5ebfdb2b790cbb4bb1200dd0c44b289) Importer(815301076,1909f56bfc062723c751e8b465ee728b)  -> (artifact id: '22ed7b390416294b486ce5553f9cac3d') in 0.035043 seconds 
  Import took 0.043808 seconds .

========================================================================
Received Import Request.
  Time since last request: 457.575677 seconds.
  path: Assets/Sprites/Tiles
  artifactKey: Guid(692f8be30f4cc29469a6c491e4970f71) Importer(815301076,1909f56bfc062723c751e8b465ee728b)
Start importing Assets/Sprites/Tiles using Guid(692f8be30f4cc29469a6c491e4970f71) Importer(815301076,1909f56bfc062723c751e8b465ee728b)  -> (artifact id: 'fda344d153571bc25b39d5628f2fe70e') in 0.001451 seconds 
  Import took 0.008048 seconds .

========================================================================
Received Import Request.
  Time since last request: 24.176444 seconds.
  path: Assets/Sprites and Tiles
  artifactKey: Guid(07a2b054968c25e4ab4a98dedee52172) Importer(815301076,1909f56bfc062723c751e8b465ee728b)
Start importing Assets/Sprites and Tiles using Guid(07a2b054968c25e4ab4a98dedee52172) Importer(815301076,1909f56bfc062723c751e8b465ee728b)  -> (artifact id: '39814e747e944c8c849b9e96ffa056dd') in 0.003707 seconds 
  Import took 0.021040 seconds .

========================================================================
Received Import Request.
  Time since last request: 21.908315 seconds.
  path: Assets/Sprites/sprites
  artifactKey: Guid(ad0781b570b52c441bf4c507d84f1df8) Importer(815301076,1909f56bfc062723c751e8b465ee728b)
Start importing Assets/Sprites/sprites using Guid(ad0781b570b52c441bf4c507d84f1df8) Importer(815301076,1909f56bfc062723c751e8b465ee728b)  -> (artifact id: '6141a9d5cf255fe81b70e1f6333c1aad') in 0.002475 seconds 
  Import took 0.008179 seconds .

========================================================================
Received Import Request.
  Time since last request: 148.927848 seconds.
  path: Assets/Sprites and Tiles/Platforms.asset
  artifactKey: Guid(b9bc5be5f1f86fb41a7c0648eb9fc707) Importer(815301076,1909f56bfc062723c751e8b465ee728b)
Start importing Assets/Sprites and Tiles/Platforms.asset using Guid(b9bc5be5f1f86fb41a7c0648eb9fc707) Importer(815301076,1909f56bfc062723c751e8b465ee728b)  -> (artifact id: '820466201e848cd106b88a485b701cf3') in 0.004635 seconds 
  Import took 0.009596 seconds .

========================================================================
Received Import Request.
  Time since last request: 294.582193 seconds.
  path: Assets/Sprites and Tiles/Tiles/Manual Tiles.prefab
  artifactKey: Guid(d5ebfdb2b790cbb4bb1200dd0c44b289) Importer(815301076,1909f56bfc062723c751e8b465ee728b)
Start importing Assets/Sprites and Tiles/Tiles/Manual Tiles.prefab using Guid(d5ebfdb2b790cbb4bb1200dd0c44b289) Importer(815301076,1909f56bfc062723c751e8b465ee728b)  -> (artifact id: 'df01d9e19cf356bf54e9e568b41869c3') in 0.029914 seconds 
  Import took 0.037075 seconds .

========================================================================
Received Import Request.
  Time since last request: 4.294919 seconds.
  path: Assets/Sprites and Tiles/Tiles/SPA_Background brown tint_0.asset
  artifactKey: Guid(a1a2406b31bb7f84d81bd120d89e4d4c) Importer(815301076,1909f56bfc062723c751e8b465ee728b)
Start importing Assets/Sprites and Tiles/Tiles/SPA_Background brown tint_0.asset using Guid(a1a2406b31bb7f84d81bd120d89e4d4c) Importer(815301076,1909f56bfc062723c751e8b465ee728b)  -> (artifact id: '76684d573fcc21599ee481709900738c') in 0.014114 seconds 
  Import took 0.020686 seconds .

========================================================================
Received Import Request.
  Time since last request: 0.000299 seconds.
  path: Assets/Sprites and Tiles/Tiles/SPA_Background brown tint_1.asset
  artifactKey: Guid(caa9932db217869419a38744fd99a015) Importer(815301076,1909f56bfc062723c751e8b465ee728b)
Start importing Assets/Sprites and Tiles/Tiles/SPA_Background brown tint_1.asset using Guid(caa9932db217869419a38744fd99a015) Importer(815301076,1909f56bfc062723c751e8b465ee728b)  -> (artifact id: '0b8115ea53da5b1038a6492ce5c2b6cf') in 0.009771 seconds 
  Import took 0.015731 seconds .

========================================================================
Received Import Request.
  Time since last request: 0.000601 seconds.
  path: Assets/Sprites and Tiles/Tiles/SPA_Background brown tint_15.asset
  artifactKey: Guid(dacbac4e150e4614bb5de7a3eb704d5c) Importer(815301076,1909f56bfc062723c751e8b465ee728b)
Start importing Assets/Sprites and Tiles/Tiles/SPA_Background brown tint_15.asset using Guid(dacbac4e150e4614bb5de7a3eb704d5c) Importer(815301076,1909f56bfc062723c751e8b465ee728b)  -> (artifact id: '7cd2bf0515fe4dd5319d7e2d0aa664d1') in 0.010110 seconds 
  Import took 0.017292 seconds .

========================================================================
Received Import Request.
  Time since last request: 0.000260 seconds.
  path: Assets/Sprites and Tiles/Tiles/SPA_Background brown tint_13.asset
  artifactKey: Guid(495bc87b3ba179d4f837a6b0c7729bd0) Importer(815301076,1909f56bfc062723c751e8b465ee728b)
Start importing Assets/Sprites and Tiles/Tiles/SPA_Background brown tint_13.asset using Guid(495bc87b3ba179d4f837a6b0c7729bd0) Importer(815301076,1909f56bfc062723c751e8b465ee728b)  -> (artifact id: '7c4d2a840ec5b2452368c03f36f009b9') in 0.225811 seconds 
  Import took 0.232656 seconds .

========================================================================
Received Import Request.
  Time since last request: 0.000056 seconds.
  path: Assets/Sprites and Tiles/Tiles/SPA_Background brown tint_14.asset
  artifactKey: Guid(135cb30efda00c947a29a51e9694f498) Importer(815301076,1909f56bfc062723c751e8b465ee728b)
Start importing Assets/Sprites and Tiles/Tiles/SPA_Background brown tint_14.asset using Guid(135cb30efda00c947a29a51e9694f498) Importer(815301076,1909f56bfc062723c751e8b465ee728b)  -> (artifact id: 'f2ea8294a7f9f13831b82cb9138e1bc9') in 0.014318 seconds 
  Import took 0.041968 seconds .

========================================================================
Received Import Request.
  Time since last request: 0.000302 seconds.
  path: Assets/Sprites and Tiles/Tiles/SPA_Rock_Grass_Water_0.asset
  artifactKey: Guid(a8de549d7909f1449add7f7228d34a6a) Importer(815301076,1909f56bfc062723c751e8b465ee728b)
Start importing Assets/Sprites and Tiles/Tiles/SPA_Rock_Grass_Water_0.asset using Guid(a8de549d7909f1449add7f7228d34a6a) Importer(815301076,1909f56bfc062723c751e8b465ee728b)  -> (artifact id: 'cab297d024d7eaafb420b5ab43fa8281') in 0.011580 seconds 
  Import took 0.018755 seconds .

========================================================================
Received Import Request.
  Time since last request: 0.000451 seconds.
  path: Assets/Sprites and Tiles/Tiles/SPA_Background brown tint_4.asset
  artifactKey: Guid(0d0e5fbbc18e3d541adb59d60b2f553c) Importer(815301076,1909f56bfc062723c751e8b465ee728b)
Start importing Assets/Sprites and Tiles/Tiles/SPA_Background brown tint_4.asset using Guid(0d0e5fbbc18e3d541adb59d60b2f553c) Importer(815301076,1909f56bfc062723c751e8b465ee728b)  -> (artifact id: 'aade58c960c4f2b05475a2f0ce73c2b7') in 0.025318 seconds 
  Import took 0.032135 seconds .

========================================================================
Received Import Request.
  Time since last request: 0.000846 seconds.
  path: Assets/Sprites and Tiles/Tiles/SPA_Rock_Grass_Water_1.asset
  artifactKey: Guid(5a9769db13af13b449e5aeb9d2523f54) Importer(815301076,1909f56bfc062723c751e8b465ee728b)
Start importing Assets/Sprites and Tiles/Tiles/SPA_Rock_Grass_Water_1.asset using Guid(5a9769db13af13b449e5aeb9d2523f54) Importer(815301076,1909f56bfc062723c751e8b465ee728b)  -> (artifact id: 'ed13854cae9a43aa895cac40f386fd09') in 0.014004 seconds 
  Import took 0.033810 seconds .

========================================================================
Received Import Request.
  Time since last request: 0.000174 seconds.
  path: Assets/Sprites and Tiles/Tiles/SPA_Background brown tint_6.asset
  artifactKey: Guid(4e62230fa63771e4c9a3b054d4df0f29) Importer(815301076,1909f56bfc062723c751e8b465ee728b)
Start importing Assets/Sprites and Tiles/Tiles/SPA_Background brown tint_6.asset using Guid(4e62230fa63771e4c9a3b054d4df0f29) Importer(815301076,1909f56bfc062723c751e8b465ee728b)  -> (artifact id: 'abe08510dfdf213cbeb3211b24613cae') in 0.023794 seconds 
  Import took 0.028265 seconds .

========================================================================
Received Import Request.
  Time since last request: 0.000196 seconds.
  path: Assets/Sprites and Tiles/Tiles/SPA_Background brown tint_2.asset
  artifactKey: Guid(9e9181b98da1e5e44a7d5673e0f0223c) Importer(815301076,1909f56bfc062723c751e8b465ee728b)
Start importing Assets/Sprites and Tiles/Tiles/SPA_Background brown tint_2.asset using Guid(9e9181b98da1e5e44a7d5673e0f0223c) Importer(815301076,1909f56bfc062723c751e8b465ee728b)  -> (artifact id: '47a226a547a870c5b13517e1553193fc') in 0.013017 seconds 
  Import took 0.021777 seconds .

========================================================================
Received Import Request.
  Time since last request: 0.000309 seconds.
  path: Assets/Sprites and Tiles/Tiles/SPA_Background brown tint_7.asset
  artifactKey: Guid(5e363fbea67cb9b4d95a9e6c95c2dd4b) Importer(815301076,1909f56bfc062723c751e8b465ee728b)
Start importing Assets/Sprites and Tiles/Tiles/SPA_Background brown tint_7.asset using Guid(5e363fbea67cb9b4d95a9e6c95c2dd4b) Importer(815301076,1909f56bfc062723c751e8b465ee728b)  -> (artifact id: 'a7941bfaf04a2df029fd49edadaada96') in 0.010195 seconds 
  Import took 0.017801 seconds .

========================================================================
Received Import Request.
  Time since last request: 0.000851 seconds.
  path: Assets/Sprites and Tiles/Tiles/SPA_Background brown tint_9.asset
  artifactKey: Guid(4a2c7a344e0b6804d83de87060fe9765) Importer(815301076,1909f56bfc062723c751e8b465ee728b)
Start importing Assets/Sprites and Tiles/Tiles/SPA_Background brown tint_9.asset using Guid(4a2c7a344e0b6804d83de87060fe9765) Importer(815301076,1909f56bfc062723c751e8b465ee728b)  -> (artifact id: '0c6cff460650ab8ad15743e01a8f8cfa') in 0.014676 seconds 
  Import took 0.023006 seconds .

========================================================================
Received Import Request.
  Time since last request: 0.000045 seconds.
  path: Assets/Sprites and Tiles/Tiles/SPA_Background brown tint_3.asset
  artifactKey: Guid(cda332f1ee71162489a8bebc42e4cff7) Importer(815301076,1909f56bfc062723c751e8b465ee728b)
Start importing Assets/Sprites and Tiles/Tiles/SPA_Background brown tint_3.asset using Guid(cda332f1ee71162489a8bebc42e4cff7) Importer(815301076,1909f56bfc062723c751e8b465ee728b)  -> (artifact id: '089b7fc0ab2af05b885184a3bfc12cbc') in 0.249184 seconds 
  Import took 0.263270 seconds .

========================================================================
Received Import Request.
  Time since last request: 0.000204 seconds.
  path: Assets/Sprites and Tiles/Tiles/SPA_Background brown tint_10.asset
  artifactKey: Guid(f57247253b6894045b10a9465a88edd3) Importer(815301076,1909f56bfc062723c751e8b465ee728b)
Start importing Assets/Sprites and Tiles/Tiles/SPA_Background brown tint_10.asset using Guid(f57247253b6894045b10a9465a88edd3) Importer(815301076,1909f56bfc062723c751e8b465ee728b)  -> (artifact id: '2b6b9517b6367da05e10e6b4e0a5063b') in 0.013131 seconds 
  Import took 0.017268 seconds .

========================================================================
Received Import Request.
  Time since last request: 0.000195 seconds.
  path: Assets/Sprites and Tiles/Tiles/SPA_Background brown tint_11.asset
  artifactKey: Guid(dcb510714db4bc74ab6d87a275b1a9dd) Importer(815301076,1909f56bfc062723c751e8b465ee728b)
Start importing Assets/Sprites and Tiles/Tiles/SPA_Background brown tint_11.asset using Guid(dcb510714db4bc74ab6d87a275b1a9dd) Importer(815301076,1909f56bfc062723c751e8b465ee728b)  -> (artifact id: '2597d2c327c6dd8a9e0810be637e86a0') in 0.012875 seconds 
  Import took 0.020411 seconds .

========================================================================
Received Import Request.
  Time since last request: 0.000861 seconds.
  path: Assets/Sprites and Tiles/Tiles/SPA_Background brown tint_12.asset
  artifactKey: Guid(94c1ebcc5589df54588f7dfbed473427) Importer(815301076,1909f56bfc062723c751e8b465ee728b)
Start importing Assets/Sprites and Tiles/Tiles/SPA_Background brown tint_12.asset using Guid(94c1ebcc5589df54588f7dfbed473427) Importer(815301076,1909f56bfc062723c751e8b465ee728b)  -> (artifact id: '8c2a502843c12c6be4203001cb96dad2') in 0.011488 seconds 
  Import took 0.017621 seconds .

========================================================================
Received Import Request.
  Time since last request: 0.000428 seconds.
  path: Assets/Sprites and Tiles/Tiles/SPA_Background brown tint_8.asset
  artifactKey: Guid(81ac03315bafd1142b2d9a89a0362656) Importer(815301076,1909f56bfc062723c751e8b465ee728b)
Start importing Assets/Sprites and Tiles/Tiles/SPA_Background brown tint_8.asset using Guid(81ac03315bafd1142b2d9a89a0362656) Importer(815301076,1909f56bfc062723c751e8b465ee728b)  -> (artifact id: '9edf6221d09c9c2a3ec636c97aa652b4') in 0.008373 seconds 
  Import took 0.015658 seconds .

========================================================================
Received Import Request.
  Time since last request: 0.000225 seconds.
  path: Assets/Sprites and Tiles/Tiles/SPA_Background brown tint_5.asset
  artifactKey: Guid(23b682696d4614d42b17f4d320ed8854) Importer(815301076,1909f56bfc062723c751e8b465ee728b)
Start importing Assets/Sprites and Tiles/Tiles/SPA_Background brown tint_5.asset using Guid(23b682696d4614d42b17f4d320ed8854) Importer(815301076,1909f56bfc062723c751e8b465ee728b)  -> (artifact id: 'dbc14b5562c8d6529e3566f68dd0a0c6') in 0.016062 seconds 
  Import took 0.022047 seconds .

========================================================================
Received Import Request.
  Time since last request: 14.196367 seconds.
  path: Assets/Sprites and Tiles/Tiles/SPA_Rock_Grass_Water_2.asset
  artifactKey: Guid(eb37cc8c961151449af9c3b7406226b0) Importer(815301076,1909f56bfc062723c751e8b465ee728b)
Start importing Assets/Sprites and Tiles/Tiles/SPA_Rock_Grass_Water_2.asset using Guid(eb37cc8c961151449af9c3b7406226b0) Importer(815301076,1909f56bfc062723c751e8b465ee728b)  -> (artifact id: '5d140b10cfb8722668b4f6144548d24c') in 0.008549 seconds 
  Import took 0.028956 seconds .

========================================================================
Received Import Request.
  Time since last request: 0.000212 seconds.
  path: Assets/Sprites and Tiles/Tiles/SPA_Rock_Grass_Water_10.asset
  artifactKey: Guid(797b18f88fac7df4b8df0a4fc953bd58) Importer(815301076,1909f56bfc062723c751e8b465ee728b)
Start importing Assets/Sprites and Tiles/Tiles/SPA_Rock_Grass_Water_10.asset using Guid(797b18f88fac7df4b8df0a4fc953bd58) Importer(815301076,1909f56bfc062723c751e8b465ee728b)  -> (artifact id: '797670e265cf251864d86472f2a36e97') in 0.008003 seconds 
  Import took 0.013831 seconds .

========================================================================
Received Import Request.
  Time since last request: 0.000246 seconds.
  path: Assets/Sprites and Tiles/Tiles/SPA_Rock_Grass_Water_15.asset
  artifactKey: Guid(54233035687e0864391ce8fd6e93c715) Importer(815301076,1909f56bfc062723c751e8b465ee728b)
Start importing Assets/Sprites and Tiles/Tiles/SPA_Rock_Grass_Water_15.asset using Guid(54233035687e0864391ce8fd6e93c715) Importer(815301076,1909f56bfc062723c751e8b465ee728b)  -> (artifact id: 'c641d73ae954531cec4d04c3974bd80a') in 0.006587 seconds 
  Import took 0.013185 seconds .

========================================================================
Received Import Request.
  Time since last request: 0.000216 seconds.
  path: Assets/Sprites and Tiles/Tiles/SPA_Rock_Grass_Water_11.asset
  artifactKey: Guid(0cd1ef0e1ec113f4a8270bb92930282b) Importer(815301076,1909f56bfc062723c751e8b465ee728b)
Start importing Assets/Sprites and Tiles/Tiles/SPA_Rock_Grass_Water_11.asset using Guid(0cd1ef0e1ec113f4a8270bb92930282b) Importer(815301076,1909f56bfc062723c751e8b465ee728b)  -> (artifact id: '539c94445b3e0be21e2679f64c6fe907') in 0.008473 seconds 
  Import took 0.015319 seconds .

========================================================================
Received Import Request.
  Time since last request: 0.000187 seconds.
  path: Assets/Sprites and Tiles/Tiles/SPA_Rock_Grass_Water_18.asset
  artifactKey: Guid(e743b28b86b52f3469e6171fd980ded8) Importer(815301076,1909f56bfc062723c751e8b465ee728b)
Start importing Assets/Sprites and Tiles/Tiles/SPA_Rock_Grass_Water_18.asset using Guid(e743b28b86b52f3469e6171fd980ded8) Importer(815301076,1909f56bfc062723c751e8b465ee728b)  -> (artifact id: 'eabb0a5acd224d36c58340dfc61cf523') in 0.016402 seconds 
  Import took 0.021408 seconds .

========================================================================
Received Import Request.
  Time since last request: 0.000315 seconds.
  path: Assets/Sprites and Tiles/Tiles/SPA_Rock_Grass_Water_7.asset
  artifactKey: Guid(df99d63c4bcf8f74da33a57483986d03) Importer(815301076,1909f56bfc062723c751e8b465ee728b)
Start importing Assets/Sprites and Tiles/Tiles/SPA_Rock_Grass_Water_7.asset using Guid(df99d63c4bcf8f74da33a57483986d03) Importer(815301076,1909f56bfc062723c751e8b465ee728b)  -> (artifact id: '1b24787a97ae80e28d46d21e92130eb5') in 0.008201 seconds 
  Import took 0.014190 seconds .

========================================================================
Received Import Request.
  Time since last request: 0.000204 seconds.
  path: Assets/Sprites and Tiles/Tiles/SPA_Rock_Grass_Water_17.asset
  artifactKey: Guid(528138326bc71bc46835203ca9c3f9d8) Importer(815301076,1909f56bfc062723c751e8b465ee728b)
Start importing Assets/Sprites and Tiles/Tiles/SPA_Rock_Grass_Water_17.asset using Guid(528138326bc71bc46835203ca9c3f9d8) Importer(815301076,1909f56bfc062723c751e8b465ee728b)  -> (artifact id: 'eef75c0b6e6331b3ff2e617bfbb1aecd') in 0.014203 seconds 
  Import took 0.021720 seconds .

========================================================================
Received Import Request.
  Time since last request: 0.000265 seconds.
  path: Assets/Sprites and Tiles/Tiles/SPA_Rock_Grass_Water_8.asset
  artifactKey: Guid(9afa3fa4f3759984fa66a89693d45f55) Importer(815301076,1909f56bfc062723c751e8b465ee728b)
Start importing Assets/Sprites and Tiles/Tiles/SPA_Rock_Grass_Water_8.asset using Guid(9afa3fa4f3759984fa66a89693d45f55) Importer(815301076,1909f56bfc062723c751e8b465ee728b)  -> (artifact id: 'e9031a1a8f61a19de1fcb53b7c6b8883') in 0.007552 seconds 
  Import took 0.013020 seconds .

========================================================================
Received Import Request.
  Time since last request: 0.000204 seconds.
  path: Assets/Sprites and Tiles/Tiles/SPA_Rock_Grass_Water_6.asset
  artifactKey: Guid(a1bd77071a355c944a16c2b14517fe92) Importer(815301076,1909f56bfc062723c751e8b465ee728b)
Start importing Assets/Sprites and Tiles/Tiles/SPA_Rock_Grass_Water_6.asset using Guid(a1bd77071a355c944a16c2b14517fe92) Importer(815301076,1909f56bfc062723c751e8b465ee728b)  -> (artifact id: '9db098ab6e824a334c155f5d9c346318') in 0.006736 seconds 
  Import took 0.024330 seconds .

========================================================================
Received Import Request.
  Time since last request: 0.000337 seconds.
  path: Assets/Sprites and Tiles/Tiles/SPA_Rock_Grass_Water_3.asset
  artifactKey: Guid(ec504cd85ace8964e89945ae8f989640) Importer(815301076,1909f56bfc062723c751e8b465ee728b)
Start importing Assets/Sprites and Tiles/Tiles/SPA_Rock_Grass_Water_3.asset using Guid(ec504cd85ace8964e89945ae8f989640) Importer(815301076,1909f56bfc062723c751e8b465ee728b)  -> (artifact id: '3512f24c3ba36c304491673a6150b3b8') in 0.010158 seconds 
  Import took 0.017018 seconds .

========================================================================
Received Import Request.
  Time since last request: 0.000269 seconds.
  path: Assets/Sprites and Tiles/Tiles/SPA_Rock_Grass_Water_4.asset
  artifactKey: Guid(cac59050d143d2c4cbb9777e46fe1526) Importer(815301076,1909f56bfc062723c751e8b465ee728b)
Start importing Assets/Sprites and Tiles/Tiles/SPA_Rock_Grass_Water_4.asset using Guid(cac59050d143d2c4cbb9777e46fe1526) Importer(815301076,1909f56bfc062723c751e8b465ee728b)  -> (artifact id: '2b91d3a149be3c4fb7f94bfdfea36515') in 0.010755 seconds 
  Import took 0.016588 seconds .

========================================================================
Received Import Request.
  Time since last request: 0.000246 seconds.
  path: Assets/Sprites and Tiles/Tiles/SPA_Rock_Grass_Water_12.asset
  artifactKey: Guid(e41f8038f54a4704fa31f5a3bf7a30b3) Importer(815301076,1909f56bfc062723c751e8b465ee728b)
Start importing Assets/Sprites and Tiles/Tiles/SPA_Rock_Grass_Water_12.asset using Guid(e41f8038f54a4704fa31f5a3bf7a30b3) Importer(815301076,1909f56bfc062723c751e8b465ee728b)  -> (artifact id: 'c9c593eb7afc16e4d5c8b6544d54c5a4') in 0.018366 seconds 
  Import took 0.024587 seconds .

========================================================================
Received Import Request.
  Time since last request: 0.000210 seconds.
  path: Assets/Sprites and Tiles/Tiles/SPA_Rock_Grass_Water_19.asset
  artifactKey: Guid(3b4ac30cd70254f4585888f2d0dcff8a) Importer(815301076,1909f56bfc062723c751e8b465ee728b)
Start importing Assets/Sprites and Tiles/Tiles/SPA_Rock_Grass_Water_19.asset using Guid(3b4ac30cd70254f4585888f2d0dcff8a) Importer(815301076,1909f56bfc062723c751e8b465ee728b)  -> (artifact id: '6e268797772ab9c8388a2d9a421b5679') in 0.007561 seconds 
  Import took 0.013081 seconds .

========================================================================
Received Import Request.
  Time since last request: 0.000180 seconds.
  path: Assets/Sprites and Tiles/Tiles/SPA_Rock_Grass_Water_9.asset
  artifactKey: Guid(89723c7d5b5b50e4392ccafc69c0b8c2) Importer(815301076,1909f56bfc062723c751e8b465ee728b)
Start importing Assets/Sprites and Tiles/Tiles/SPA_Rock_Grass_Water_9.asset using Guid(89723c7d5b5b50e4392ccafc69c0b8c2) Importer(815301076,1909f56bfc062723c751e8b465ee728b)  -> (artifact id: '1ad1c83d61227cd65eda0cf7596a6c86') in 0.014319 seconds 
  Import took 0.019759 seconds .

========================================================================
Received Import Request.
  Time since last request: 0.000413 seconds.
  path: Assets/Sprites and Tiles/Tiles/SPA_Rock_Grass_Water_13.asset
  artifactKey: Guid(a27638e9c87bdf04db5d08126a679a0d) Importer(815301076,1909f56bfc062723c751e8b465ee728b)
Start importing Assets/Sprites and Tiles/Tiles/SPA_Rock_Grass_Water_13.asset using Guid(a27638e9c87bdf04db5d08126a679a0d) Importer(815301076,1909f56bfc062723c751e8b465ee728b)  -> (artifact id: '375620b382c528a9150059895f716055') in 0.010480 seconds 
  Import took 0.016305 seconds .

========================================================================
Received Import Request.
  Time since last request: 0.000340 seconds.
  path: Assets/Sprites and Tiles/Tiles/SPA_Rock_Grass_Water_14.asset
  artifactKey: Guid(9009c57166f09fa44b628fcd4d082c32) Importer(815301076,1909f56bfc062723c751e8b465ee728b)
Start importing Assets/Sprites and Tiles/Tiles/SPA_Rock_Grass_Water_14.asset using Guid(9009c57166f09fa44b628fcd4d082c32) Importer(815301076,1909f56bfc062723c751e8b465ee728b)  -> (artifact id: '58c48623b7e5e0db630d53898cf7b465') in 0.015500 seconds 
  Import took 0.023543 seconds .

========================================================================
Received Import Request.
  Time since last request: 0.000310 seconds.
  path: Assets/Sprites and Tiles/Tiles/SPA_Rock_Grass_Water_16.asset
  artifactKey: Guid(3a9c95fb517271c4aa0cada14fff3b76) Importer(815301076,1909f56bfc062723c751e8b465ee728b)
Start importing Assets/Sprites and Tiles/Tiles/SPA_Rock_Grass_Water_16.asset using Guid(3a9c95fb517271c4aa0cada14fff3b76) Importer(815301076,1909f56bfc062723c751e8b465ee728b)  -> (artifact id: '9feec136672215f28f4a782404368bc6') in 0.010093 seconds 
  Import took 0.017289 seconds .

========================================================================
Received Import Request.
  Time since last request: 0.000076 seconds.
  path: Assets/Sprites and Tiles/Tiles/SPA_Rock_Grass_Water_5.asset
  artifactKey: Guid(0168f1927241a92448a3e225352e56a9) Importer(815301076,1909f56bfc062723c751e8b465ee728b)
Start importing Assets/Sprites and Tiles/Tiles/SPA_Rock_Grass_Water_5.asset using Guid(0168f1927241a92448a3e225352e56a9) Importer(815301076,1909f56bfc062723c751e8b465ee728b)  -> (artifact id: 'ba75d571b28e0eb808fa117c58143802') in 0.336079 seconds 
  Import took 0.351645 seconds .

========================================================================
Received Import Request.
  Time since last request: 0.000430 seconds.
  path: Assets/Sprites and Tiles/Tiles/SPA_Rock_Grass_Water_22.asset
  artifactKey: Guid(234727179fb08dd44a57a07c185b152e) Importer(815301076,1909f56bfc062723c751e8b465ee728b)
Start importing Assets/Sprites and Tiles/Tiles/SPA_Rock_Grass_Water_22.asset using Guid(234727179fb08dd44a57a07c185b152e) Importer(815301076,1909f56bfc062723c751e8b465ee728b)  -> (artifact id: '24ddb2e40a77c30847af51b1c6b96db0') in 0.011973 seconds 
  Import took 0.017749 seconds .

========================================================================
Received Import Request.
  Time since last request: 0.000196 seconds.
  path: Assets/Sprites and Tiles/Tiles/SPA_Rock_Grass_Water_25.asset
  artifactKey: Guid(85d0ca740b4c8234d93c43c2cf571d21) Importer(815301076,1909f56bfc062723c751e8b465ee728b)
Start importing Assets/Sprites and Tiles/Tiles/SPA_Rock_Grass_Water_25.asset using Guid(85d0ca740b4c8234d93c43c2cf571d21) Importer(815301076,1909f56bfc062723c751e8b465ee728b)  -> (artifact id: '32322e7e28d8422c173fee1a634fa127') in 0.014192 seconds 
  Import took 0.019788 seconds .

========================================================================
Received Import Request.
  Time since last request: 0.000518 seconds.
  path: Assets/Sprites and Tiles/Tiles/SPA_Rock_Grass_Water_20.asset
  artifactKey: Guid(78447704b93e0674eaa6ddbcf5c1c2d3) Importer(815301076,1909f56bfc062723c751e8b465ee728b)
Start importing Assets/Sprites and Tiles/Tiles/SPA_Rock_Grass_Water_20.asset using Guid(78447704b93e0674eaa6ddbcf5c1c2d3) Importer(815301076,1909f56bfc062723c751e8b465ee728b)  -> (artifact id: 'f8607903462461e9aa54382f08c81e9b') in 0.007101 seconds 
  Import took 0.021012 seconds .

========================================================================
Received Import Request.
  Time since last request: 0.000322 seconds.
  path: Assets/Sprites and Tiles/Tiles/SPA_Rock_Grass_Water_23.asset
  artifactKey: Guid(f85d071600044b344accaed207e3025f) Importer(815301076,1909f56bfc062723c751e8b465ee728b)
Start importing Assets/Sprites and Tiles/Tiles/SPA_Rock_Grass_Water_23.asset using Guid(f85d071600044b344accaed207e3025f) Importer(815301076,1909f56bfc062723c751e8b465ee728b)  -> (artifact id: 'cb898daf8948854430929a01b70d9448') in 0.009665 seconds 
  Import took 0.016396 seconds .

========================================================================
Received Import Request.
  Time since last request: 0.000235 seconds.
  path: Assets/Sprites and Tiles/Tiles/SPA_Rock_Grass_Water_24.asset
  artifactKey: Guid(cff3679725884594185fca354ada5168) Importer(815301076,1909f56bfc062723c751e8b465ee728b)
Start importing Assets/Sprites and Tiles/Tiles/SPA_Rock_Grass_Water_24.asset using Guid(cff3679725884594185fca354ada5168) Importer(815301076,1909f56bfc062723c751e8b465ee728b)  -> (artifact id: 'ee9e72642695832fcbd9bfd6d7062184') in 0.009567 seconds 
  Import took 0.014266 seconds .

========================================================================
Received Import Request.
  Time since last request: 0.000201 seconds.
  path: Assets/Sprites and Tiles/Tiles/SPA_Rock_Grass_Water_21.asset
  artifactKey: Guid(ead2536842e9a7743949ed2b980c18fe) Importer(815301076,1909f56bfc062723c751e8b465ee728b)
Start importing Assets/Sprites and Tiles/Tiles/SPA_Rock_Grass_Water_21.asset using Guid(ead2536842e9a7743949ed2b980c18fe) Importer(815301076,1909f56bfc062723c751e8b465ee728b)  -> (artifact id: 'f9fdaf50d58b207a25975b9f204dfc6f') in 0.011441 seconds 
  Import took 0.017217 seconds .

========================================================================
Received Import Request.
  Time since last request: 14.546223 seconds.
  path: Assets/Sprites and Tiles/Tiles/SPA_Rock_Grass_Water_26.asset
  artifactKey: Guid(96514a111b151b842a87ec2a205d8770) Importer(815301076,1909f56bfc062723c751e8b465ee728b)
Start importing Assets/Sprites and Tiles/Tiles/SPA_Rock_Grass_Water_26.asset using Guid(96514a111b151b842a87ec2a205d8770) Importer(815301076,1909f56bfc062723c751e8b465ee728b)  -> (artifact id: 'a06f93972d56dd9a4e8e4dd933f3a837') in 0.008595 seconds 
  Import took 0.014778 seconds .

========================================================================
Received Import Request.
  Time since last request: 0.000042 seconds.
  path: Assets/Sprites and Tiles/Tiles/SPA_Rock_Grass_Water_28.asset
  artifactKey: Guid(646357ccb910ee6419c16afb6b64d6f3) Importer(815301076,1909f56bfc062723c751e8b465ee728b)
Start importing Assets/Sprites and Tiles/Tiles/SPA_Rock_Grass_Water_28.asset using Guid(646357ccb910ee6419c16afb6b64d6f3) Importer(815301076,1909f56bfc062723c751e8b465ee728b)  -> (artifact id: '42b07482051f2a4f1aa9f0a34f8e17d3') in 0.008693 seconds 
  Import took 0.020797 seconds .

========================================================================
Received Import Request.
  Time since last request: 0.000243 seconds.
  path: Assets/Sprites and Tiles/Tiles/SPA_Rock_Grass_Water_29.asset
  artifactKey: Guid(d23d1d0810e5ee2409c06ff81563e164) Importer(815301076,1909f56bfc062723c751e8b465ee728b)
Start importing Assets/Sprites and Tiles/Tiles/SPA_Rock_Grass_Water_29.asset using Guid(d23d1d0810e5ee2409c06ff81563e164) Importer(815301076,1909f56bfc062723c751e8b465ee728b)  -> (artifact id: '543f3c2c0d038e862137baeb138ebc18') in 0.017640 seconds 
  Import took 0.024074 seconds .

========================================================================
Received Import Request.
  Time since last request: 0.000225 seconds.
  path: Assets/Sprites and Tiles/Tiles/SPA_Rock_Grass_Water_27.asset
  artifactKey: Guid(756191cf7d6bce044a7a750b432b89f4) Importer(815301076,1909f56bfc062723c751e8b465ee728b)
Start importing Assets/Sprites and Tiles/Tiles/SPA_Rock_Grass_Water_27.asset using Guid(756191cf7d6bce044a7a750b432b89f4) Importer(815301076,1909f56bfc062723c751e8b465ee728b)  -> (artifact id: '3b1d7da6ef0fbd7b062f4319c8ff0504') in 0.008806 seconds 
  Import took 0.014894 seconds .

========================================================================
Received Import Request.
  Time since last request: 208.888759 seconds.
  path: Assets/Sprites and Tiles/Tiles/Manual Tiles.prefab
  artifactKey: Guid(d5ebfdb2b790cbb4bb1200dd0c44b289) Importer(815301076,1909f56bfc062723c751e8b465ee728b)
Start importing Assets/Sprites and Tiles/Tiles/Manual Tiles.prefab using Guid(d5ebfdb2b790cbb4bb1200dd0c44b289) Importer(815301076,1909f56bfc062723c751e8b465ee728b)  -> (artifact id: '23ef8cf189e1c6b6fcada5f5aab0032b') in 0.070758 seconds 
  Import took 0.076550 seconds .

========================================================================
Received Import Request.
  Time since last request: 833.710511 seconds.
  path: Assets/Sprites and Tiles/Platforms.asset
  artifactKey: Guid(b9bc5be5f1f86fb41a7c0648eb9fc707) Importer(815301076,1909f56bfc062723c751e8b465ee728b)
Start importing Assets/Sprites and Tiles/Platforms.asset using Guid(b9bc5be5f1f86fb41a7c0648eb9fc707) Importer(815301076,1909f56bfc062723c751e8b465ee728b)  -> (artifact id: '10eec4230174e0a4a1362f29a0279ef8') in 0.009997 seconds 
  Import took 0.016877 seconds .

========================================================================
Received Import Request.
  Time since last request: 365.131087 seconds.
  path: Assets/Sprites and Tiles/Platforms.asset
  artifactKey: Guid(b9bc5be5f1f86fb41a7c0648eb9fc707) Importer(815301076,1909f56bfc062723c751e8b465ee728b)
Start importing Assets/Sprites and Tiles/Platforms.asset using Guid(b9bc5be5f1f86fb41a7c0648eb9fc707) Importer(815301076,1909f56bfc062723c751e8b465ee728b)  -> (artifact id: '9490321757108a4fdbc75faa723e49a0') in 0.008884 seconds 
  Import took 0.014201 seconds .

========================================================================
Received Import Request.
  Time since last request: 1022.988089 seconds.
  path: Assets/Sprites and Tiles/Platforms.asset
  artifactKey: Guid(b9bc5be5f1f86fb41a7c0648eb9fc707) Importer(815301076,1909f56bfc062723c751e8b465ee728b)
Start importing Assets/Sprites and Tiles/Platforms.asset using Guid(b9bc5be5f1f86fb41a7c0648eb9fc707) Importer(815301076,1909f56bfc062723c751e8b465ee728b)  -> (artifact id: 'eb45f7e458021063de1b562a9ec013f3') in 0.016570 seconds 
  Import took 0.036839 seconds .

========================================================================
Received Import Request.
  Time since last request: 941.081907 seconds.
  path: Assets/Sprites and Tiles/Platforms.asset
  artifactKey: Guid(b9bc5be5f1f86fb41a7c0648eb9fc707) Importer(815301076,1909f56bfc062723c751e8b465ee728b)
Start importing Assets/Sprites and Tiles/Platforms.asset using Guid(b9bc5be5f1f86fb41a7c0648eb9fc707) Importer(815301076,1909f56bfc062723c751e8b465ee728b)  -> (artifact id: '7076a5a53327be9a051033079cc6c227') in 0.011727 seconds 
  Import took 0.056363 seconds .

========================================================================
Received Import Request.
  Time since last request: 199.866420 seconds.
  path: Assets/Sprites and Tiles/sprites/SPA_Background brown tint.png
  artifactKey: Guid(4f91b79ac32cc2146865c70882b4031c) Importer(815301076,1909f56bfc062723c751e8b465ee728b)
Start importing Assets/Sprites and Tiles/sprites/SPA_Background brown tint.png using Guid(4f91b79ac32cc2146865c70882b4031c) Importer(815301076,1909f56bfc062723c751e8b465ee728b)  -> (artifact id: 'b82f096955a55656a42b002d8e6f6a3c') in 0.131964 seconds 
  Import took 0.139388 seconds .

========================================================================
Received Import Request.
  Time since last request: 0.000241 seconds.
  path: Assets/Sprites and Tiles/sprites/spritesheet_tiles.png
  artifactKey: Guid(47df4ec34910b9a4b934c8ec3430020e) Importer(815301076,1909f56bfc062723c751e8b465ee728b)
Start importing Assets/Sprites and Tiles/sprites/spritesheet_tiles.png using Guid(47df4ec34910b9a4b934c8ec3430020e) Importer(815301076,1909f56bfc062723c751e8b465ee728b)  -> (artifact id: 'd347af78ba98da57d34ddddefb888a2e') in 1.805427 seconds 
  Import took 1.821233 seconds .

========================================================================
Received Import Request.
  Time since last request: 0.000519 seconds.
  path: Assets/Sprites and Tiles/sprites/SPA_Rock_Grass_Water.png
  artifactKey: Guid(d3df2c79ae7242a4f8d4d9ac3f4c54ce) Importer(815301076,1909f56bfc062723c751e8b465ee728b)
Start importing Assets/Sprites and Tiles/sprites/SPA_Rock_Grass_Water.png using Guid(d3df2c79ae7242a4f8d4d9ac3f4c54ce) Importer(815301076,1909f56bfc062723c751e8b465ee728b)  -> (artifact id: 'fd45db541dd3ea5922bf18dfc75d120e') in 0.854653 seconds 
  Import took 0.861129 seconds .

========================================================================
Received Import Request.
  Time since last request: 0.000244 seconds.
  path: Assets/Sprites and Tiles/Platforms.asset
  artifactKey: Guid(b9bc5be5f1f86fb41a7c0648eb9fc707) Importer(815301076,1909f56bfc062723c751e8b465ee728b)
Start importing Assets/Sprites and Tiles/Platforms.asset using Guid(b9bc5be5f1f86fb41a7c0648eb9fc707) Importer(815301076,1909f56bfc062723c751e8b465ee728b)  -> (artifact id: '1744e53e1f9b71eb33252633fa62e37d') in 0.012986 seconds 
  Import took 0.022115 seconds .

========================================================================
Received Import Request.
  Time since last request: 2.784843 seconds.
  path: Assets/Scenes/Level-1.unity
  artifactKey: Guid(2cda990e2423bbf4892e6590ba056729) Importer(815301076,1909f56bfc062723c751e8b465ee728b)
Start importing Assets/Scenes/Level-1.unity using Guid(2cda990e2423bbf4892e6590ba056729) Importer(815301076,1909f56bfc062723c751e8b465ee728b)  -> (artifact id: '49b1f4fd9cf572adbff7faaecded4e68') in 0.002170 seconds 
  Import took 0.010861 seconds .

========================================================================
Received Import Request.
  Time since last request: 622.727378 seconds.
  path: Assets/Sprites and Tiles/Tiles/Manual Tiles.prefab
  artifactKey: Guid(d5ebfdb2b790cbb4bb1200dd0c44b289) Importer(815301076,1909f56bfc062723c751e8b465ee728b)
Start importing Assets/Sprites and Tiles/Tiles/Manual Tiles.prefab using Guid(d5ebfdb2b790cbb4bb1200dd0c44b289) Importer(815301076,1909f56bfc062723c751e8b465ee728b)  -> (artifact id: 'd92513cd98b2a3b976a86be4d16015e1') in 0.026240 seconds 
  Import took 0.032381 seconds .

========================================================================
Received Import Request.
  Time since last request: 0.000197 seconds.
  path: Assets/Sprites and Tiles/Tiles/SPA_Background brown tint_1.asset
  artifactKey: Guid(caa9932db217869419a38744fd99a015) Importer(815301076,1909f56bfc062723c751e8b465ee728b)
Start importing Assets/Sprites and Tiles/Tiles/SPA_Background brown tint_1.asset using Guid(caa9932db217869419a38744fd99a015) Importer(815301076,1909f56bfc062723c751e8b465ee728b)  -> (artifact id: 'f5aff308e72ab46a097dc4d60592063e') in 0.006538 seconds 
  Import took 0.010741 seconds .

========================================================================
Received Import Request.
  Time since last request: 0.000190 seconds.
  path: Assets/Sprites and Tiles/Tiles/SPA_Background brown tint_4.asset
  artifactKey: Guid(0d0e5fbbc18e3d541adb59d60b2f553c) Importer(815301076,1909f56bfc062723c751e8b465ee728b)
Start importing Assets/Sprites and Tiles/Tiles/SPA_Background brown tint_4.asset using Guid(0d0e5fbbc18e3d541adb59d60b2f553c) Importer(815301076,1909f56bfc062723c751e8b465ee728b)  -> (artifact id: 'ce2575dd737fd7245cc380881010c650') in 0.007531 seconds 
  Import took 0.012731 seconds .

========================================================================
Received Import Request.
  Time since last request: 0.000238 seconds.
  path: Assets/Sprites and Tiles/Tiles/SPA_Background brown tint_6.asset
  artifactKey: Guid(4e62230fa63771e4c9a3b054d4df0f29) Importer(815301076,1909f56bfc062723c751e8b465ee728b)
Start importing Assets/Sprites and Tiles/Tiles/SPA_Background brown tint_6.asset using Guid(4e62230fa63771e4c9a3b054d4df0f29) Importer(815301076,1909f56bfc062723c751e8b465ee728b)  -> (artifact id: '90a28a0518d0be78d12c3edb0f7224bc') in 0.023794 seconds 
  Import took 0.029554 seconds .

========================================================================
Received Import Request.
  Time since last request: 0.000261 seconds.
  path: Assets/Sprites and Tiles/Tiles/SPA_Background brown tint_2.asset
  artifactKey: Guid(9e9181b98da1e5e44a7d5673e0f0223c) Importer(815301076,1909f56bfc062723c751e8b465ee728b)
Start importing Assets/Sprites and Tiles/Tiles/SPA_Background brown tint_2.asset using Guid(9e9181b98da1e5e44a7d5673e0f0223c) Importer(815301076,1909f56bfc062723c751e8b465ee728b)  -> (artifact id: '93d024db80b4031ac11d51b2325dbee5') in 0.008651 seconds 
  Import took 0.014717 seconds .

========================================================================
Received Import Request.
  Time since last request: 0.000321 seconds.
  path: Assets/Sprites and Tiles/Tiles/SPA_Background brown tint_7.asset
  artifactKey: Guid(5e363fbea67cb9b4d95a9e6c95c2dd4b) Importer(815301076,1909f56bfc062723c751e8b465ee728b)
Start importing Assets/Sprites and Tiles/Tiles/SPA_Background brown tint_7.asset using Guid(5e363fbea67cb9b4d95a9e6c95c2dd4b) Importer(815301076,1909f56bfc062723c751e8b465ee728b)  -> (artifact id: '480cc1cc63a37ad8183ea011f461a37d') in 0.011534 seconds 
  Import took 0.018182 seconds .

========================================================================
Received Import Request.
  Time since last request: 0.000546 seconds.
  path: Assets/Sprites and Tiles/Tiles/SPA_Background brown tint_3.asset
  artifactKey: Guid(cda332f1ee71162489a8bebc42e4cff7) Importer(815301076,1909f56bfc062723c751e8b465ee728b)
Start importing Assets/Sprites and Tiles/Tiles/SPA_Background brown tint_3.asset using Guid(cda332f1ee71162489a8bebc42e4cff7) Importer(815301076,1909f56bfc062723c751e8b465ee728b)  -> (artifact id: '0da39546ab1a2342697e1f71b003f25d') in 0.007524 seconds 
  Import took 0.013649 seconds .

========================================================================
Received Import Request.
  Time since last request: 0.000329 seconds.
  path: Assets/Sprites and Tiles/Tiles/SPA_Background brown tint_8.asset
  artifactKey: Guid(81ac03315bafd1142b2d9a89a0362656) Importer(815301076,1909f56bfc062723c751e8b465ee728b)
Start importing Assets/Sprites and Tiles/Tiles/SPA_Background brown tint_8.asset using Guid(81ac03315bafd1142b2d9a89a0362656) Importer(815301076,1909f56bfc062723c751e8b465ee728b)  -> (artifact id: 'ddcc6efb83ec74d1f2a2eb1421ee95f9') in 0.026767 seconds 
  Import took 0.036434 seconds .

========================================================================
Received Import Request.
  Time since last request: 0.000248 seconds.
  path: Assets/Sprites and Tiles/Tiles/SPA_Background brown tint_0.asset
  artifactKey: Guid(a1a2406b31bb7f84d81bd120d89e4d4c) Importer(815301076,1909f56bfc062723c751e8b465ee728b)
Start importing Assets/Sprites and Tiles/Tiles/SPA_Background brown tint_0.asset using Guid(a1a2406b31bb7f84d81bd120d89e4d4c) Importer(815301076,1909f56bfc062723c751e8b465ee728b)  -> (artifact id: '02f05dd4ea6b5bcce3266b2f3aaf68c5') in 0.008000 seconds 
  Import took 0.014385 seconds .

========================================================================
Received Import Request.
  Time since last request: 0.000262 seconds.
  path: Assets/Sprites and Tiles/Tiles/SPA_Background brown tint_5.asset
  artifactKey: Guid(23b682696d4614d42b17f4d320ed8854) Importer(815301076,1909f56bfc062723c751e8b465ee728b)
Start importing Assets/Sprites and Tiles/Tiles/SPA_Background brown tint_5.asset using Guid(23b682696d4614d42b17f4d320ed8854) Importer(815301076,1909f56bfc062723c751e8b465ee728b)  -> (artifact id: '9df9b64b367605b4586aa6e4eaeeadca') in 0.008512 seconds 
  Import took 0.014812 seconds .

========================================================================
Received Import Request.
  Time since last request: 14.498285 seconds.
  path: Assets/Sprites and Tiles/Tiles/Main Palette.prefab
  artifactKey: Guid(d5ebfdb2b790cbb4bb1200dd0c44b289) Importer(815301076,1909f56bfc062723c751e8b465ee728b)
Start importing Assets/Sprites and Tiles/Tiles/Main Palette.prefab using Guid(d5ebfdb2b790cbb4bb1200dd0c44b289) Importer(815301076,1909f56bfc062723c751e8b465ee728b)  -> (artifact id: 'e98b4a40b96794b5edeac877241ce61e') in 0.052265 seconds 
  Import took 0.059596 seconds .

========================================================================
Received Import Request.
  Time since last request: 29.703218 seconds.
  path: Assets/Animations
  artifactKey: Guid(bc4c32a806a5d694894703ebdfe83c4b) Importer(815301076,1909f56bfc062723c751e8b465ee728b)
Start importing Assets/Animations using Guid(bc4c32a806a5d694894703ebdfe83c4b) Importer(815301076,1909f56bfc062723c751e8b465ee728b)  -> (artifact id: 'c590b856099873001a66ab591004f112') in 0.001945 seconds 
  Import took 0.007932 seconds .

========================================================================
Received Import Request.
  Time since last request: 70.683511 seconds.
  path: Assets/Animations/Player.controller
  artifactKey: Guid(b7422e684ef9b8c4986028d74526e2bd) Importer(815301076,1909f56bfc062723c751e8b465ee728b)
Start importing Assets/Animations/Player.controller using Guid(b7422e684ef9b8c4986028d74526e2bd) Importer(815301076,1909f56bfc062723c751e8b465ee728b)  -> (artifact id: '0f4ee4e4f0b22837123653a4197c86df') in 0.007613 seconds 
  Import took 0.012971 seconds .

========================================================================
Received Import Request.
  Time since last request: 133.903071 seconds.
  path: Assets/Sprites and Tiles/sprites
  artifactKey: Guid(ad0781b570b52c441bf4c507d84f1df8) Importer(815301076,1909f56bfc062723c751e8b465ee728b)
Start importing Assets/Sprites and Tiles/sprites using Guid(ad0781b570b52c441bf4c507d84f1df8) Importer(815301076,1909f56bfc062723c751e8b465ee728b)  -> (artifact id: '32ce9f5b0ea2125a1fcccbac41210c27') in 0.001374 seconds 
  Import took 0.007032 seconds .

========================================================================
Received Import Request.
  Time since last request: 57.899692 seconds.
  path: Assets/Sprites and Tiles/sprites/SPA_Player_Ginger.png
  artifactKey: Guid(47f7a163cb0d9724393423261286ceb9) Importer(815301076,1909f56bfc062723c751e8b465ee728b)
Start importing Assets/Sprites and Tiles/sprites/SPA_Player_Ginger.png using Guid(47f7a163cb0d9724393423261286ceb9) Importer(815301076,1909f56bfc062723c751e8b465ee728b)  -> (artifact id: '54bf0ebdf96fe4581d9c0751224ed73b') in 0.037094 seconds 
  Import took 0.044428 seconds .

========================================================================
Received Import Request.
  Time since last request: 7.602757 seconds.
  path: Assets/Sprites and Tiles/sprites/SPA_Player_Ginger.png
  artifactKey: Guid(47f7a163cb0d9724393423261286ceb9) Importer(815301076,1909f56bfc062723c751e8b465ee728b)
Start importing Assets/Sprites and Tiles/sprites/SPA_Player_Ginger.png using Guid(47f7a163cb0d9724393423261286ceb9) Importer(815301076,1909f56bfc062723c751e8b465ee728b)  -> (artifact id: '4338e77c46e844a8115af80782df3241') in 0.009180 seconds 
  Import took 0.014631 seconds .

========================================================================
Received Import Request.
  Time since last request: 35.806801 seconds.
  path: Assets/Sprites and Tiles/sprites/SPA_Player_Ginger.png
  artifactKey: Guid(47f7a163cb0d9724393423261286ceb9) Importer(815301076,1909f56bfc062723c751e8b465ee728b)
Start importing Assets/Sprites and Tiles/sprites/SPA_Player_Ginger.png using Guid(47f7a163cb0d9724393423261286ceb9) Importer(815301076,1909f56bfc062723c751e8b465ee728b)  -> (artifact id: 'd4cdd2cb07d5ea0d9cb610ce999ff29c') in 0.097257 seconds 
  Import took 0.102616 seconds .

========================================================================
Received Import Request.
  Time since last request: 35.762923 seconds.
  path: Assets/Sprites and Tiles/sprites/Tiles Sprites.png
  artifactKey: Guid(d3df2c79ae7242a4f8d4d9ac3f4c54ce) Importer(815301076,1909f56bfc062723c751e8b465ee728b)
Start importing Assets/Sprites and Tiles/sprites/Tiles Sprites.png using Guid(d3df2c79ae7242a4f8d4d9ac3f4c54ce) Importer(815301076,1909f56bfc062723c751e8b465ee728b)  -> (artifact id: '86fda023b00e639f09dd9c468579e618') in 0.092085 seconds 
  Import took 0.097909 seconds .

========================================================================
Received Import Request.
  Time since last request: 50.326415 seconds.
  path: Assets/Sprites and Tiles/sprites/Background_Sprite_Sheet.png
  artifactKey: Guid(4f91b79ac32cc2146865c70882b4031c) Importer(815301076,1909f56bfc062723c751e8b465ee728b)
Start importing Assets/Sprites and Tiles/sprites/Background_Sprite_Sheet.png using Guid(4f91b79ac32cc2146865c70882b4031c) Importer(815301076,1909f56bfc062723c751e8b465ee728b)  -> (artifact id: 'f6ccb5000594ecd408fac1cc765106c3') in 0.073467 seconds 
  Import took 0.085925 seconds .

========================================================================
Received Import Request.
  Time since last request: 16.901204 seconds.
  path: Assets/Sprites and Tiles/sprites/Player_Sprite_Sheet.png
  artifactKey: Guid(47f7a163cb0d9724393423261286ceb9) Importer(815301076,1909f56bfc062723c751e8b465ee728b)
Start importing Assets/Sprites and Tiles/sprites/Player_Sprite_Sheet.png using Guid(47f7a163cb0d9724393423261286ceb9) Importer(815301076,1909f56bfc062723c751e8b465ee728b)  -> (artifact id: '390515b26a85a2ec9979b15781f31f60') in 0.125042 seconds 
  Import took 0.129855 seconds .

========================================================================
Received Import Request.
  Time since last request: 8.550182 seconds.
  path: Assets/Sprites and Tiles/sprites/Tiles_Sprites.png
  artifactKey: Guid(d3df2c79ae7242a4f8d4d9ac3f4c54ce) Importer(815301076,1909f56bfc062723c751e8b465ee728b)
Start importing Assets/Sprites and Tiles/sprites/Tiles_Sprites.png using Guid(d3df2c79ae7242a4f8d4d9ac3f4c54ce) Importer(815301076,1909f56bfc062723c751e8b465ee728b)  -> (artifact id: '13e9b7e0d3f4aabda045b6f040ee836b') in 0.094488 seconds 
  Import took 0.107557 seconds .

========================================================================
Received Import Request.
  Time since last request: 239.931278 seconds.
  path: ProjectSettings/TagManager.asset
  artifactKey: Guid(00000000000000003000000000000000) Importer(815301076,1909f56bfc062723c751e8b465ee728b)
Start importing ProjectSettings/TagManager.asset using Guid(00000000000000003000000000000000) Importer(815301076,1909f56bfc062723c751e8b465ee728b)  -> (artifact id: '95df672b4aaba54310d34c83eef51bb8') in 0.002298 seconds 
  Import took 0.007113 seconds .

========================================================================
Received Import Request.
  Time since last request: 120.338939 seconds.
  path: Assets/Sprites and Tiles/sprites/Idel.anim
  artifactKey: Guid(f9d7d9d79ae088845816c452c2c75323) Importer(815301076,1909f56bfc062723c751e8b465ee728b)
Start importing Assets/Sprites and Tiles/sprites/Idel.anim using Guid(f9d7d9d79ae088845816c452c2c75323) Importer(815301076,1909f56bfc062723c751e8b465ee728b)  -> (artifact id: 'efbed8e6939d248d4ccee73942ce8fb6') in 0.004551 seconds 
  Import took 0.010787 seconds .

========================================================================
Received Import Request.
  Time since last request: 19.901931 seconds.
  path: Assets/Sprites and Tiles/sprites/Idle.anim
  artifactKey: Guid(f9d7d9d79ae088845816c452c2c75323) Importer(815301076,1909f56bfc062723c751e8b465ee728b)
Start importing Assets/Sprites and Tiles/sprites/Idle.anim using Guid(f9d7d9d79ae088845816c452c2c75323) Importer(815301076,1909f56bfc062723c751e8b465ee728b)  -> (artifact id: '6c4b87b30f9e6376969a120a4a990a22') in 0.001419 seconds 
  Import took 0.233463 seconds .

========================================================================
Received Import Request.
  Time since last request: 394.608741 seconds.
  path: Assets/Animations/Player.controller
  artifactKey: Guid(b7422e684ef9b8c4986028d74526e2bd) Importer(815301076,1909f56bfc062723c751e8b465ee728b)
Start importing Assets/Animations/Player.controller using Guid(b7422e684ef9b8c4986028d74526e2bd) Importer(815301076,1909f56bfc062723c751e8b465ee728b)  -> (artifact id: 'f931cc14ade5d78e9af6e3cee31cde87') in 0.003290 seconds 
  Import took 0.011091 seconds .

========================================================================
Received Prepare
Registering precompiled user dll's ...
Registered in 0.005585 seconds.
Begin MonoManager ReloadAssembly
Native extension for WindowsStandalone target not found
Native extension for WebGL target not found
Refreshing native plugins compatible for Editor in 0.64 ms, found 3 plugins.
Preloading 0 native plugins for Editor in 0.00 ms.
Mono: successfully reloaded assembly
- Completed reload, in  5.654 seconds
Domain Reload Profiling:
	ReloadAssembly (5655ms)
		BeginReloadAssembly (1027ms)
			ExecutionOrderSort (0ms)
			DisableScriptedObjects (22ms)
			BackupInstance (0ms)
			ReleaseScriptingObjects (0ms)
			CreateAndSetChildDomain (491ms)
		EndReloadAssembly (4477ms)
			LoadAssemblies (885ms)
			RebuildTransferFunctionScriptingTraits (0ms)
			SetupTypeCache (1682ms)
			ReleaseScriptCaches (3ms)
			RebuildScriptCaches (95ms)
			SetupLoadedEditorAssemblies (1630ms)
				LogAssemblyErrors (0ms)
				InitializePlatformSupportModulesInManaged (13ms)
				SetLoadedEditorAssemblies (1ms)
				RefreshPlugins (1ms)
				BeforeProcessingInitializeOnLoad (481ms)
				ProcessInitializeOnLoadAttributes (1087ms)
				ProcessInitializeOnLoadMethodAttributes (39ms)
				AfterProcessingInitializeOnLoad (8ms)
				EditorAssembliesLoaded (0ms)
			ExecutionOrderSort2 (0ms)
			AwakeInstancesAfterBackupRestoration (19ms)
Platform modules already initialized, skipping
Refreshing native plugins compatible for Editor in 1.02 ms, found 3 plugins.
Preloading 0 native plugins for Editor in 0.00 ms.
Unloading 2191 Unused Serialized files (Serialized files now loaded: 0)
System memory in use before: 98.8 MB.
System memory in use after: 98.9 MB.

Unloading 18 unused Assets to reduce memory usage. Loaded Objects now: 2660.
Total: 6.320600 ms (FindLiveObjects: 0.509900 ms CreateObjectMapping: 0.262100 ms MarkObjects: 5.502500 ms  DeleteObjects: 0.043800 ms)

AssetImportParameters requested are different than current active one (requested -> active):
  custom:framework-win-MediaFoundation: 216162199b28c13a410421893ffa2e32 -> 
  custom:video-decoder-ogg-theora: a1e56fd34408186e4bbccfd4996cb3dc -> 
  custom:container-muxer-webm: aa71ff27fc2769a1b78a27578f13a17b -> 
  custom:container-demuxer-webm: 4f35f7cbe854078d1ac9338744f61a02 -> 
  custom:container-demuxer-ogg: 62fdf1f143b41e24485cea50d1cbac27 -> 
  custom:video-encoder-webm-vp8: eb34c28f22e8b96e1ab97ce403110664 -> 
  custom:video-decoder-webm-vp8: 9c59270c3fd7afecdb556c50c9e8de78 -> 
  custom:audio-decoder-ogg-vorbis: bf7c407c2cedff20999df2af8eb42d56 -> 
  custom:audio-encoder-webm-vorbis: bf7c407c2cedff20999df2af8eb42d56 -> 
========================================================================
Received Prepare
Registering precompiled user dll's ...
Registered in 0.002390 seconds.
Begin MonoManager ReloadAssembly
Native extension for WindowsStandalone target not found
Native extension for WebGL target not found
Refreshing native plugins compatible for Editor in 0.57 ms, found 3 plugins.
Preloading 0 native plugins for Editor in 0.00 ms.
Mono: successfully reloaded assembly
- Completed reload, in  2.093 seconds
Domain Reload Profiling:
	ReloadAssembly (2093ms)
		BeginReloadAssembly (306ms)
			ExecutionOrderSort (0ms)
			DisableScriptedObjects (7ms)
			BackupInstance (0ms)
			ReleaseScriptingObjects (0ms)
			CreateAndSetChildDomain (210ms)
		EndReloadAssembly (1721ms)
			LoadAssemblies (106ms)
			RebuildTransferFunctionScriptingTraits (0ms)
			SetupTypeCache (719ms)
			ReleaseScriptCaches (1ms)
			RebuildScriptCaches (56ms)
			SetupLoadedEditorAssemblies (516ms)
				LogAssemblyErrors (0ms)
				InitializePlatformSupportModulesInManaged (7ms)
				SetLoadedEditorAssemblies (0ms)
				RefreshPlugins (1ms)
				BeforeProcessingInitializeOnLoad (107ms)
				ProcessInitializeOnLoadAttributes (385ms)
				ProcessInitializeOnLoadMethodAttributes (11ms)
				AfterProcessingInitializeOnLoad (5ms)
				EditorAssembliesLoaded (0ms)
			ExecutionOrderSort2 (0ms)
			AwakeInstancesAfterBackupRestoration (10ms)
Platform modules already initialized, skipping
Refreshing native plugins compatible for Editor in 0.99 ms, found 3 plugins.
Preloading 0 native plugins for Editor in 0.00 ms.
Unloading 2191 Unused Serialized files (Serialized files now loaded: 0)
System memory in use before: 98.8 MB.
System memory in use after: 98.9 MB.

Unloading 17 unused Assets to reduce memory usage. Loaded Objects now: 2662.
Total: 3.989500 ms (FindLiveObjects: 0.291200 ms CreateObjectMapping: 0.195100 ms MarkObjects: 3.481500 ms  DeleteObjects: 0.020700 ms)

AssetImportParameters requested are different than current active one (requested -> active):
  custom:framework-win-MediaFoundation: 216162199b28c13a410421893ffa2e32 -> 
  custom:video-decoder-ogg-theora: a1e56fd34408186e4bbccfd4996cb3dc -> 
  custom:container-muxer-webm: aa71ff27fc2769a1b78a27578f13a17b -> 
  custom:container-demuxer-webm: 4f35f7cbe854078d1ac9338744f61a02 -> 
  custom:container-demuxer-ogg: 62fdf1f143b41e24485cea50d1cbac27 -> 
  custom:video-encoder-webm-vp8: eb34c28f22e8b96e1ab97ce403110664 -> 
  custom:video-decoder-webm-vp8: 9c59270c3fd7afecdb556c50c9e8de78 -> 
  custom:audio-decoder-ogg-vorbis: bf7c407c2cedff20999df2af8eb42d56 -> 
  custom:audio-encoder-webm-vorbis: bf7c407c2cedff20999df2af8eb42d56 -> 
========================================================================
Received Prepare
Registering precompiled user dll's ...
Registered in 0.002518 seconds.
Begin MonoManager ReloadAssembly
Native extension for WindowsStandalone target not found
Native extension for WebGL target not found
Refreshing native plugins compatible for Editor in 4.91 ms, found 3 plugins.
Preloading 0 native plugins for Editor in 0.00 ms.
Mono: successfully reloaded assembly
- Completed reload, in  2.027 seconds
Domain Reload Profiling:
	ReloadAssembly (2028ms)
		BeginReloadAssembly (359ms)
			ExecutionOrderSort (0ms)
			DisableScriptedObjects (7ms)
			BackupInstance (0ms)
			ReleaseScriptingObjects (0ms)
			CreateAndSetChildDomain (55ms)
		EndReloadAssembly (1596ms)
			LoadAssemblies (164ms)
			RebuildTransferFunctionScriptingTraits (0ms)
			SetupTypeCache (598ms)
			ReleaseScriptCaches (2ms)
			RebuildScriptCaches (62ms)
			SetupLoadedEditorAssemblies (674ms)
				LogAssemblyErrors (0ms)
				InitializePlatformSupportModulesInManaged (11ms)
				SetLoadedEditorAssemblies (1ms)
				RefreshPlugins (5ms)
				BeforeProcessingInitializeOnLoad (218ms)
				ProcessInitializeOnLoadAttributes (422ms)
				ProcessInitializeOnLoadMethodAttributes (11ms)
				AfterProcessingInitializeOnLoad (5ms)
				EditorAssembliesLoaded (0ms)
			ExecutionOrderSort2 (0ms)
			AwakeInstancesAfterBackupRestoration (10ms)
Platform modules already initialized, skipping
Refreshing native plugins compatible for Editor in 0.90 ms, found 3 plugins.
Preloading 0 native plugins for Editor in 0.00 ms.
Unloading 2191 Unused Serialized files (Serialized files now loaded: 0)
System memory in use before: 98.8 MB.
System memory in use after: 98.9 MB.

Unloading 17 unused Assets to reduce memory usage. Loaded Objects now: 2664.
Total: 13.634700 ms (FindLiveObjects: 0.462700 ms CreateObjectMapping: 0.247700 ms MarkObjects: 12.867000 ms  DeleteObjects: 0.055000 ms)

AssetImportParameters requested are different than current active one (requested -> active):
  custom:framework-win-MediaFoundation: 216162199b28c13a410421893ffa2e32 -> 
  custom:video-decoder-ogg-theora: a1e56fd34408186e4bbccfd4996cb3dc -> 
  custom:container-muxer-webm: aa71ff27fc2769a1b78a27578f13a17b -> 
  custom:container-demuxer-webm: 4f35f7cbe854078d1ac9338744f61a02 -> 
  custom:container-demuxer-ogg: 62fdf1f143b41e24485cea50d1cbac27 -> 
  custom:video-encoder-webm-vp8: eb34c28f22e8b96e1ab97ce403110664 -> 
  custom:video-decoder-webm-vp8: 9c59270c3fd7afecdb556c50c9e8de78 -> 
  custom:audio-decoder-ogg-vorbis: bf7c407c2cedff20999df2af8eb42d56 -> 
  custom:audio-encoder-webm-vorbis: bf7c407c2cedff20999df2af8eb42d56 -> 
========================================================================
Received Prepare
Registering precompiled user dll's ...
Registered in 0.002697 seconds.
Begin MonoManager ReloadAssembly
Native extension for WindowsStandalone target not found
Native extension for WebGL target not found
Refreshing native plugins compatible for Editor in 0.59 ms, found 3 plugins.
Preloading 0 native plugins for Editor in 0.00 ms.
Mono: successfully reloaded assembly
- Completed reload, in  2.939 seconds
Domain Reload Profiling:
	ReloadAssembly (2940ms)
		BeginReloadAssembly (136ms)
			ExecutionOrderSort (0ms)
			DisableScriptedObjects (7ms)
			BackupInstance (0ms)
			ReleaseScriptingObjects (0ms)
			CreateAndSetChildDomain (52ms)
		EndReloadAssembly (2446ms)
			LoadAssemblies (107ms)
			RebuildTransferFunctionScriptingTraits (0ms)
			SetupTypeCache (959ms)
			ReleaseScriptCaches (1ms)
			RebuildScriptCaches (80ms)
			SetupLoadedEditorAssemblies (897ms)
				LogAssemblyErrors (0ms)
				InitializePlatformSupportModulesInManaged (10ms)
				SetLoadedEditorAssemblies (1ms)
				RefreshPlugins (1ms)
				BeforeProcessingInitializeOnLoad (363ms)
				ProcessInitializeOnLoadAttributes (502ms)
				ProcessInitializeOnLoadMethodAttributes (13ms)
				AfterProcessingInitializeOnLoad (8ms)
				EditorAssembliesLoaded (0ms)
			ExecutionOrderSort2 (0ms)
			AwakeInstancesAfterBackupRestoration (17ms)
Platform modules already initialized, skipping
Refreshing native plugins compatible for Editor in 1.44 ms, found 3 plugins.
Preloading 0 native plugins for Editor in 0.00 ms.
Unloading 2191 Unused Serialized files (Serialized files now loaded: 0)
System memory in use before: 98.8 MB.
System memory in use after: 99.0 MB.

Unloading 17 unused Assets to reduce memory usage. Loaded Objects now: 2666.
Total: 257.069900 ms (FindLiveObjects: 3.347100 ms CreateObjectMapping: 0.931900 ms MarkObjects: 252.723100 ms  DeleteObjects: 0.065200 ms)

AssetImportParameters requested are different than current active one (requested -> active):
  custom:framework-win-MediaFoundation: 216162199b28c13a410421893ffa2e32 -> 
  custom:video-decoder-ogg-theora: a1e56fd34408186e4bbccfd4996cb3dc -> 
  custom:container-muxer-webm: aa71ff27fc2769a1b78a27578f13a17b -> 
  custom:container-demuxer-webm: 4f35f7cbe854078d1ac9338744f61a02 -> 
  custom:container-demuxer-ogg: 62fdf1f143b41e24485cea50d1cbac27 -> 
  custom:video-encoder-webm-vp8: eb34c28f22e8b96e1ab97ce403110664 -> 
  custom:video-decoder-webm-vp8: 9c59270c3fd7afecdb556c50c9e8de78 -> 
  custom:audio-decoder-ogg-vorbis: bf7c407c2cedff20999df2af8eb42d56 -> 
  custom:audio-encoder-webm-vorbis: bf7c407c2cedff20999df2af8eb42d56 -> 
========================================================================
Received Prepare
Registering precompiled user dll's ...
Registered in 0.003992 seconds.
Begin MonoManager ReloadAssembly
Native extension for WindowsStandalone target not found
Native extension for WebGL target not found
Refreshing native plugins compatible for Editor in 0.64 ms, found 3 plugins.
Preloading 0 native plugins for Editor in 0.00 ms.
Mono: successfully reloaded assembly
- Completed reload, in  2.441 seconds
Domain Reload Profiling:
	ReloadAssembly (2442ms)
		BeginReloadAssembly (332ms)
			ExecutionOrderSort (0ms)
			DisableScriptedObjects (8ms)
			BackupInstance (0ms)
			ReleaseScriptingObjects (0ms)
			CreateAndSetChildDomain (51ms)
		EndReloadAssembly (2042ms)
			LoadAssemblies (285ms)
			RebuildTransferFunctionScriptingTraits (0ms)
			SetupTypeCache (946ms)
			ReleaseScriptCaches (1ms)
			RebuildScriptCaches (48ms)
			SetupLoadedEditorAssemblies (469ms)
				LogAssemblyErrors (0ms)
				InitializePlatformSupportModulesInManaged (7ms)
				SetLoadedEditorAssemblies (1ms)
				RefreshPlugins (1ms)
				BeforeProcessingInitializeOnLoad (90ms)
				ProcessInitializeOnLoadAttributes (353ms)
				ProcessInitializeOnLoadMethodAttributes (12ms)
				AfterProcessingInitializeOnLoad (6ms)
				EditorAssembliesLoaded (0ms)
			ExecutionOrderSort2 (0ms)
			AwakeInstancesAfterBackupRestoration (11ms)
Platform modules already initialized, skipping
Refreshing native plugins compatible for Editor in 7.04 ms, found 3 plugins.
Preloading 0 native plugins for Editor in 0.00 ms.
Unloading 2191 Unused Serialized files (Serialized files now loaded: 0)
System memory in use before: 98.9 MB.
System memory in use after: 99.0 MB.

Unloading 17 unused Assets to reduce memory usage. Loaded Objects now: 2668.
Total: 5.076700 ms (FindLiveObjects: 0.303500 ms CreateObjectMapping: 0.220000 ms MarkObjects: 4.517800 ms  DeleteObjects: 0.033800 ms)

AssetImportParameters requested are different than current active one (requested -> active):
  custom:framework-win-MediaFoundation: 216162199b28c13a410421893ffa2e32 -> 
  custom:video-decoder-ogg-theora: a1e56fd34408186e4bbccfd4996cb3dc -> 
  custom:container-muxer-webm: aa71ff27fc2769a1b78a27578f13a17b -> 
  custom:container-demuxer-webm: 4f35f7cbe854078d1ac9338744f61a02 -> 
  custom:container-demuxer-ogg: 62fdf1f143b41e24485cea50d1cbac27 -> 
  custom:video-encoder-webm-vp8: eb34c28f22e8b96e1ab97ce403110664 -> 
  custom:video-decoder-webm-vp8: 9c59270c3fd7afecdb556c50c9e8de78 -> 
  custom:audio-decoder-ogg-vorbis: bf7c407c2cedff20999df2af8eb42d56 -> 
  custom:audio-encoder-webm-vorbis: bf7c407c2cedff20999df2af8eb42d56 -> 
========================================================================
Received Prepare
Registering precompiled user dll's ...
Registered in 0.002441 seconds.
Begin MonoManager ReloadAssembly
Native extension for WindowsStandalone target not found
Native extension for WebGL target not found
Refreshing native plugins compatible for Editor in 0.58 ms, found 3 plugins.
Preloading 0 native plugins for Editor in 0.00 ms.
Mono: successfully reloaded assembly
- Completed reload, in  2.521 seconds
Domain Reload Profiling:
	ReloadAssembly (2522ms)
		BeginReloadAssembly (413ms)
			ExecutionOrderSort (0ms)
			DisableScriptedObjects (7ms)
			BackupInstance (0ms)
			ReleaseScriptingObjects (0ms)
			CreateAndSetChildDomain (80ms)
		EndReloadAssembly (1854ms)
			LoadAssemblies (136ms)
			RebuildTransferFunctionScriptingTraits (0ms)
			SetupTypeCache (518ms)
			ReleaseScriptCaches (2ms)
			RebuildScriptCaches (125ms)
			SetupLoadedEditorAssemblies (730ms)
				LogAssemblyErrors (0ms)
				InitializePlatformSupportModulesInManaged (7ms)
				SetLoadedEditorAssemblies (0ms)
				RefreshPlugins (1ms)
				BeforeProcessingInitializeOnLoad (283ms)
				ProcessInitializeOnLoadAttributes (422ms)
				ProcessInitializeOnLoadMethodAttributes (12ms)
				AfterProcessingInitializeOnLoad (5ms)
				EditorAssembliesLoaded (0ms)
			ExecutionOrderSort2 (0ms)
			AwakeInstancesAfterBackupRestoration (10ms)
Platform modules already initialized, skipping
Refreshing native plugins compatible for Editor in 0.94 ms, found 3 plugins.
Preloading 0 native plugins for Editor in 0.00 ms.
Unloading 2191 Unused Serialized files (Serialized files now loaded: 0)
System memory in use before: 98.9 MB.
System memory in use after: 99.0 MB.

Unloading 17 unused Assets to reduce memory usage. Loaded Objects now: 2670.
Total: 3.848800 ms (FindLiveObjects: 0.288500 ms CreateObjectMapping: 0.213900 ms MarkObjects: 3.323500 ms  DeleteObjects: 0.021700 ms)

AssetImportParameters requested are different than current active one (requested -> active):
  custom:framework-win-MediaFoundation: 216162199b28c13a410421893ffa2e32 -> 
  custom:video-decoder-ogg-theora: a1e56fd34408186e4bbccfd4996cb3dc -> 
  custom:container-muxer-webm: aa71ff27fc2769a1b78a27578f13a17b -> 
  custom:container-demuxer-webm: 4f35f7cbe854078d1ac9338744f61a02 -> 
  custom:container-demuxer-ogg: 62fdf1f143b41e24485cea50d1cbac27 -> 
  custom:video-encoder-webm-vp8: eb34c28f22e8b96e1ab97ce403110664 -> 
  custom:video-decoder-webm-vp8: 9c59270c3fd7afecdb556c50c9e8de78 -> 
  custom:audio-decoder-ogg-vorbis: bf7c407c2cedff20999df2af8eb42d56 -> 
  custom:audio-encoder-webm-vorbis: bf7c407c2cedff20999df2af8eb42d56 -> 
========================================================================
Received Prepare
Registering precompiled user dll's ...
Registered in 0.002499 seconds.
Begin MonoManager ReloadAssembly
Native extension for WindowsStandalone target not found
Native extension for WebGL target not found
Refreshing native plugins compatible for Editor in 0.57 ms, found 3 plugins.
Preloading 0 native plugins for Editor in 0.00 ms.
Mono: successfully reloaded assembly
- Completed reload, in  1.860 seconds
Domain Reload Profiling:
	ReloadAssembly (1861ms)
		BeginReloadAssembly (145ms)
			ExecutionOrderSort (0ms)
			DisableScriptedObjects (11ms)
			BackupInstance (0ms)
			ReleaseScriptingObjects (0ms)
			CreateAndSetChildDomain (62ms)
		EndReloadAssembly (1645ms)
			LoadAssemblies (97ms)
			RebuildTransferFunctionScriptingTraits (0ms)
			SetupTypeCache (723ms)
			ReleaseScriptCaches (1ms)
			RebuildScriptCaches (46ms)
			SetupLoadedEditorAssemblies (474ms)
				LogAssemblyErrors (0ms)
				InitializePlatformSupportModulesInManaged (6ms)
				SetLoadedEditorAssemblies (0ms)
				RefreshPlugins (1ms)
				BeforeProcessingInitializeOnLoad (93ms)
				ProcessInitializeOnLoadAttributes (357ms)
				ProcessInitializeOnLoadMethodAttributes (12ms)
				AfterProcessingInitializeOnLoad (5ms)
				EditorAssembliesLoaded (0ms)
			ExecutionOrderSort2 (0ms)
			AwakeInstancesAfterBackupRestoration (10ms)
Platform modules already initialized, skipping
Refreshing native plugins compatible for Editor in 3.09 ms, found 3 plugins.
Preloading 0 native plugins for Editor in 0.00 ms.
Unloading 2191 Unused Serialized files (Serialized files now loaded: 0)
System memory in use before: 98.9 MB.
System memory in use after: 99.0 MB.

Unloading 17 unused Assets to reduce memory usage. Loaded Objects now: 2672.
Total: 3.339100 ms (FindLiveObjects: 0.207100 ms CreateObjectMapping: 0.088700 ms MarkObjects: 3.019200 ms  DeleteObjects: 0.022900 ms)

AssetImportParameters requested are different than current active one (requested -> active):
  custom:framework-win-MediaFoundation: 216162199b28c13a410421893ffa2e32 -> 
  custom:video-decoder-ogg-theora: a1e56fd34408186e4bbccfd4996cb3dc -> 
  custom:container-muxer-webm: aa71ff27fc2769a1b78a27578f13a17b -> 
  custom:container-demuxer-webm: 4f35f7cbe854078d1ac9338744f61a02 -> 
  custom:container-demuxer-ogg: 62fdf1f143b41e24485cea50d1cbac27 -> 
  custom:video-encoder-webm-vp8: eb34c28f22e8b96e1ab97ce403110664 -> 
  custom:video-decoder-webm-vp8: 9c59270c3fd7afecdb556c50c9e8de78 -> 
  custom:audio-decoder-ogg-vorbis: bf7c407c2cedff20999df2af8eb42d56 -> 
  custom:audio-encoder-webm-vorbis: bf7c407c2cedff20999df2af8eb42d56 -> 
AssetImportWorkerClient::OnTransportError - code=2 error=End of file
